2024-08-13 10:37:45 [restartedMain] INFO  c.s.s.SpringbootprojectApplication - Starting SpringbootprojectApplication using Java 11.0.23 on remiges with PID 293274 (/home/ifrahj/Documents/javalearning/Ecommerce/ecommercebackend/springbootproject/target/classes started by ifrahj in /home/ifrahj/Documents/javalearning/Ecommerce/ecommercebackend)
2024-08-13 10:37:45 [restartedMain] INFO  c.s.s.SpringbootprojectApplication - No active profile set, falling back to default profiles: default
2024-08-13 10:37:45 [restartedMain] INFO  o.s.b.d.e.DevToolsPropertyDefaultsPostProcessor - Devtools property defaults active! Set 'spring.devtools.add-properties' to 'false' to disable
2024-08-13 10:37:45 [restartedMain] INFO  o.s.b.d.e.DevToolsPropertyDefaultsPostProcessor - For additional web related logging consider setting the 'logging.level.web' property to 'DEBUG'
2024-08-13 10:37:46 [restartedMain] INFO  o.s.d.r.c.RepositoryConfigurationDelegate - Bootstrapping Spring Data JPA repositories in DEFAULT mode.
2024-08-13 10:37:46 [restartedMain] INFO  o.s.d.r.c.RepositoryConfigurationDelegate - Finished Spring Data repository scanning in 39 ms. Found 4 JPA repository interfaces.
2024-08-13 10:37:46 [restartedMain] INFO  o.s.b.w.e.tomcat.TomcatWebServer - Tomcat initialized with port(s): 8080 (http)
2024-08-13 10:37:46 [restartedMain] INFO  o.a.coyote.http11.Http11NioProtocol - Initializing ProtocolHandler ["http-nio-8080"]
2024-08-13 10:37:46 [restartedMain] INFO  o.a.catalina.core.StandardService - Starting service [Tomcat]
2024-08-13 10:37:46 [restartedMain] INFO  o.a.catalina.core.StandardEngine - Starting Servlet engine: [Apache Tomcat/9.0.53]
2024-08-13 10:37:46 [restartedMain] INFO  o.a.c.c.C.[Tomcat].[localhost].[/] - Initializing Spring embedded WebApplicationContext
2024-08-13 10:37:46 [restartedMain] INFO  o.s.b.w.s.c.ServletWebServerApplicationContext - Root WebApplicationContext: initialization completed in 1027 ms
2024-08-13 10:37:46 [restartedMain] INFO  o.h.jpa.internal.util.LogHelper - HHH000204: Processing PersistenceUnitInfo [name: default]
2024-08-13 10:37:46 [restartedMain] INFO  org.hibernate.Version - HHH000412: Hibernate ORM core version 5.4.32.Final
2024-08-13 10:37:47 [restartedMain] INFO  o.h.annotations.common.Version - HCANN000001: Hibernate Commons Annotations {5.1.2.Final}
2024-08-13 10:37:47 [restartedMain] INFO  com.zaxxer.hikari.HikariDataSource - HikariPool-1 - Starting...
2024-08-13 10:37:47 [restartedMain] INFO  com.zaxxer.hikari.HikariDataSource - HikariPool-1 - Start completed.
2024-08-13 10:37:47 [restartedMain] INFO  org.hibernate.dialect.Dialect - HHH000400: Using dialect: org.hibernate.dialect.PostgreSQLDialect
2024-08-13 10:37:47 [restartedMain] INFO  o.h.e.t.j.p.i.JtaPlatformInitiator - HHH000490: Using JtaPlatform implementation: [org.hibernate.engine.transaction.jta.platform.internal.NoJtaPlatform]
2024-08-13 10:37:47 [restartedMain] INFO  o.s.o.j.LocalContainerEntityManagerFactoryBean - Initialized JPA EntityManagerFactory for persistence unit 'default'
2024-08-13 10:37:48 [restartedMain] WARN  o.s.b.a.o.j.JpaBaseConfiguration$JpaWebConfiguration - spring.jpa.open-in-view is enabled by default. Therefore, database queries may be performed during view rendering. Explicitly configure spring.jpa.open-in-view to disable this warning
2024-08-13 10:37:48 [restartedMain] INFO  o.s.b.d.a.OptionalLiveReloadServer - LiveReload server is running on port 35729
2024-08-13 10:37:48 [restartedMain] INFO  o.a.coyote.http11.Http11NioProtocol - Starting ProtocolHandler ["http-nio-8080"]
2024-08-13 10:37:48 [restartedMain] INFO  o.s.b.w.e.tomcat.TomcatWebServer - Tomcat started on port(s): 8080 (http) with context path ''
2024-08-13 10:37:48 [restartedMain] INFO  c.s.s.SpringbootprojectApplication - Started SpringbootprojectApplication in 3.413 seconds (JVM running for 3.756)
2024-08-13 10:38:41 [http-nio-8080-exec-1] INFO  o.a.c.c.C.[Tomcat].[localhost].[/] - Initializing Spring DispatcherServlet 'dispatcherServlet'
2024-08-13 10:38:41 [http-nio-8080-exec-1] INFO  o.s.web.servlet.DispatcherServlet - Initializing Servlet 'dispatcherServlet'
2024-08-13 10:38:41 [http-nio-8080-exec-1] INFO  o.s.web.servlet.DispatcherServlet - Completed initialization in 1 ms
2024-08-13 10:38:41 [http-nio-8080-exec-1] DEBUG c.s.s.Controller.ProductController - Received a request to retrive a products
2024-08-13 10:38:41 [http-nio-8080-exec-1] INFO  c.s.s.Controller.ProductController - Products retrieved successfully!!
2024-08-13 11:10:48 [SpringApplicationShutdownHook] INFO  o.s.o.j.LocalContainerEntityManagerFactoryBean - Closing JPA EntityManagerFactory for persistence unit 'default'
2024-08-13 11:10:48 [SpringApplicationShutdownHook] INFO  com.zaxxer.hikari.HikariDataSource - HikariPool-1 - Shutdown initiated...
2024-08-13 11:10:48 [SpringApplicationShutdownHook] INFO  com.zaxxer.hikari.HikariDataSource - HikariPool-1 - Shutdown completed.
2024-08-13 11:52:03 [restartedMain] INFO  c.s.s.SpringbootprojectApplication - Starting SpringbootprojectApplication using Java 11.0.23 on remiges with PID 25318 (/home/ifrahj/Documents/javalearning/Ecommerce/ecommercebackend/springbootproject/target/classes started by ifrahj in /home/ifrahj/Documents/javalearning/Ecommerce/ecommercebackend)
2024-08-13 11:52:03 [restartedMain] INFO  c.s.s.SpringbootprojectApplication - No active profile set, falling back to default profiles: default
2024-08-13 11:52:03 [restartedMain] INFO  o.s.b.d.e.DevToolsPropertyDefaultsPostProcessor - Devtools property defaults active! Set 'spring.devtools.add-properties' to 'false' to disable
2024-08-13 11:52:03 [restartedMain] INFO  o.s.b.d.e.DevToolsPropertyDefaultsPostProcessor - For additional web related logging consider setting the 'logging.level.web' property to 'DEBUG'
2024-08-13 11:52:04 [restartedMain] INFO  o.s.d.r.c.RepositoryConfigurationDelegate - Bootstrapping Spring Data JPA repositories in DEFAULT mode.
2024-08-13 11:52:04 [restartedMain] INFO  o.s.d.r.c.RepositoryConfigurationDelegate - Finished Spring Data repository scanning in 58 ms. Found 4 JPA repository interfaces.
2024-08-13 11:52:04 [restartedMain] INFO  o.s.b.w.e.tomcat.TomcatWebServer - Tomcat initialized with port(s): 8080 (http)
2024-08-13 11:52:04 [restartedMain] INFO  o.a.coyote.http11.Http11NioProtocol - Initializing ProtocolHandler ["http-nio-8080"]
2024-08-13 11:52:04 [restartedMain] INFO  o.a.catalina.core.StandardService - Starting service [Tomcat]
2024-08-13 11:52:04 [restartedMain] INFO  o.a.catalina.core.StandardEngine - Starting Servlet engine: [Apache Tomcat/9.0.53]
2024-08-13 11:52:04 [restartedMain] INFO  o.a.c.c.C.[Tomcat].[localhost].[/] - Initializing Spring embedded WebApplicationContext
2024-08-13 11:52:04 [restartedMain] INFO  o.s.b.w.s.c.ServletWebServerApplicationContext - Root WebApplicationContext: initialization completed in 1015 ms
2024-08-13 11:52:04 [restartedMain] INFO  o.h.jpa.internal.util.LogHelper - HHH000204: Processing PersistenceUnitInfo [name: default]
2024-08-13 11:52:04 [restartedMain] INFO  org.hibernate.Version - HHH000412: Hibernate ORM core version 5.4.32.Final
2024-08-13 11:52:04 [restartedMain] INFO  o.h.annotations.common.Version - HCANN000001: Hibernate Commons Annotations {5.1.2.Final}
2024-08-13 11:52:05 [restartedMain] INFO  com.zaxxer.hikari.HikariDataSource - HikariPool-1 - Starting...
2024-08-13 11:52:05 [restartedMain] INFO  com.zaxxer.hikari.HikariDataSource - HikariPool-1 - Start completed.
2024-08-13 11:52:05 [restartedMain] INFO  org.hibernate.dialect.Dialect - HHH000400: Using dialect: org.hibernate.dialect.PostgreSQLDialect
2024-08-13 11:52:05 [restartedMain] INFO  o.h.e.t.j.p.i.JtaPlatformInitiator - HHH000490: Using JtaPlatform implementation: [org.hibernate.engine.transaction.jta.platform.internal.NoJtaPlatform]
2024-08-13 11:52:05 [restartedMain] INFO  o.s.o.j.LocalContainerEntityManagerFactoryBean - Initialized JPA EntityManagerFactory for persistence unit 'default'
2024-08-13 11:52:06 [restartedMain] WARN  o.s.b.a.o.j.JpaBaseConfiguration$JpaWebConfiguration - spring.jpa.open-in-view is enabled by default. Therefore, database queries may be performed during view rendering. Explicitly configure spring.jpa.open-in-view to disable this warning
2024-08-13 11:52:06 [restartedMain] INFO  o.s.b.d.a.OptionalLiveReloadServer - LiveReload server is running on port 35729
2024-08-13 11:52:06 [restartedMain] INFO  o.a.coyote.http11.Http11NioProtocol - Starting ProtocolHandler ["http-nio-8080"]
2024-08-13 11:52:06 [restartedMain] INFO  o.s.b.w.e.tomcat.TomcatWebServer - Tomcat started on port(s): 8080 (http) with context path ''
2024-08-13 11:52:06 [restartedMain] INFO  c.s.s.SpringbootprojectApplication - Started SpringbootprojectApplication in 3.234 seconds (JVM running for 3.597)
2024-08-13 11:53:36 [http-nio-8080-exec-1] INFO  o.a.c.c.C.[Tomcat].[localhost].[/] - Initializing Spring DispatcherServlet 'dispatcherServlet'
2024-08-13 11:53:36 [http-nio-8080-exec-1] INFO  o.s.web.servlet.DispatcherServlet - Initializing Servlet 'dispatcherServlet'
2024-08-13 11:53:36 [http-nio-8080-exec-1] INFO  o.s.web.servlet.DispatcherServlet - Completed initialization in 1 ms
2024-08-13 11:53:36 [http-nio-8080-exec-1] DEBUG c.s.s.Controller.ProductController - Received a request to retrive a products
2024-08-13 11:53:36 [http-nio-8080-exec-1] INFO  c.s.s.Controller.ProductController - Products retrieved successfully!!
2024-08-13 11:55:14 [http-nio-8080-exec-3] DEBUG c.s.s.Controller.ProductController - Received a request to retrive a products
2024-08-13 11:55:14 [http-nio-8080-exec-3] INFO  c.s.s.Controller.ProductController - Products retrieved successfully!!
2024-08-13 12:09:27 [http-nio-8080-exec-6] DEBUG c.s.s.Controller.ProductController - Received a request to retrive a products
2024-08-13 12:09:27 [http-nio-8080-exec-6] INFO  c.s.s.Controller.ProductController - Products retrieved successfully!!
2024-08-13 12:18:35 [http-nio-8080-exec-8] DEBUG c.s.s.Controller.ProductController - Received a request to retrive a products
2024-08-13 12:18:35 [http-nio-8080-exec-8] INFO  c.s.s.Controller.ProductController - Products retrieved successfully!!
2024-08-13 12:19:22 [http-nio-8080-exec-9] DEBUG c.s.s.Controller.ProductController - Received a request to retrive a products
2024-08-13 12:19:22 [http-nio-8080-exec-9] INFO  c.s.s.Controller.ProductController - Products retrieved successfully!!
2024-08-13 12:20:09 [http-nio-8080-exec-10] DEBUG c.s.s.Controller.ProductController - Received a request to retrive a products
2024-08-13 12:20:09 [http-nio-8080-exec-10] INFO  c.s.s.Controller.ProductController - Products retrieved successfully!!
2024-08-13 12:20:21 [http-nio-8080-exec-1] DEBUG c.s.s.Controller.ProductController - Received a request to retrive a products
2024-08-13 12:20:21 [http-nio-8080-exec-1] INFO  c.s.s.Controller.ProductController - Products retrieved successfully!!
2024-08-13 12:23:22 [http-nio-8080-exec-3] DEBUG c.s.s.Controller.ProductController - Received a request to retrive a products
2024-08-13 12:23:22 [http-nio-8080-exec-3] INFO  c.s.s.Controller.ProductController - Products retrieved successfully!!
2024-08-13 12:24:00 [http-nio-8080-exec-4] DEBUG c.s.s.Controller.ProductController - Received a request to retrive a products
2024-08-13 12:24:00 [http-nio-8080-exec-4] INFO  c.s.s.Controller.ProductController - Products retrieved successfully!!
2024-08-13 12:25:25 [http-nio-8080-exec-6] DEBUG c.s.s.Controller.ProductController - Received a request to retrive a products
2024-08-13 12:25:25 [http-nio-8080-exec-6] INFO  c.s.s.Controller.ProductController - Products retrieved successfully!!
2024-08-13 12:25:28 [http-nio-8080-exec-7] DEBUG c.s.s.Controller.ProductController - Received a request to retrive a products
2024-08-13 12:25:28 [http-nio-8080-exec-7] INFO  c.s.s.Controller.ProductController - Products retrieved successfully!!
2024-08-13 12:28:42 [http-nio-8080-exec-9] DEBUG c.s.s.Controller.ProductController - Received a request to retrive a products
2024-08-13 12:28:42 [http-nio-8080-exec-9] INFO  c.s.s.Controller.ProductController - Products retrieved successfully!!
2024-08-13 12:30:48 [http-nio-8080-exec-1] DEBUG c.s.s.Controller.ProductController - Received a request to retrive a products
2024-08-13 12:30:48 [http-nio-8080-exec-1] INFO  c.s.s.Controller.ProductController - Products retrieved successfully!!
2024-08-13 12:33:21 [http-nio-8080-exec-3] DEBUG c.s.s.Controller.ProductController - Received a request to retrive a products
2024-08-13 12:33:21 [http-nio-8080-exec-3] INFO  c.s.s.Controller.ProductController - Products retrieved successfully!!
2024-08-13 12:36:28 [http-nio-8080-exec-5] DEBUG c.s.s.Controller.ProductController - Received a request to retrive a products
2024-08-13 12:36:28 [http-nio-8080-exec-5] INFO  c.s.s.Controller.ProductController - Products retrieved successfully!!
2024-08-13 12:39:39 [http-nio-8080-exec-7] DEBUG c.s.s.Controller.ProductController - Received a request to retrive a products
2024-08-13 12:39:39 [http-nio-8080-exec-7] INFO  c.s.s.Controller.ProductController - Products retrieved successfully!!
2024-08-13 12:39:57 [http-nio-8080-exec-8] DEBUG c.s.s.Controller.ProductController - Received a request to retrive a products
2024-08-13 12:39:57 [http-nio-8080-exec-8] INFO  c.s.s.Controller.ProductController - Products retrieved successfully!!
2024-08-13 12:42:21 [http-nio-8080-exec-10] DEBUG c.s.s.Controller.ProductController - Received a request to retrive a products
2024-08-13 12:42:21 [http-nio-8080-exec-10] INFO  c.s.s.Controller.ProductController - Products retrieved successfully!!
2024-08-13 12:43:01 [http-nio-8080-exec-1] DEBUG c.s.s.Controller.ProductController - Received a request to retrive a products
2024-08-13 12:43:01 [http-nio-8080-exec-1] INFO  c.s.s.Controller.ProductController - Products retrieved successfully!!
2024-08-13 12:45:23 [http-nio-8080-exec-6] DEBUG c.s.s.Controller.ProductController - Received a request to retrive a products
2024-08-13 12:45:23 [http-nio-8080-exec-6] INFO  c.s.s.Controller.ProductController - Products retrieved successfully!!
2024-08-13 12:46:30 [http-nio-8080-exec-9] DEBUG c.s.s.Controller.ProductController - Received a request to retrive a products
2024-08-13 12:46:30 [http-nio-8080-exec-9] INFO  c.s.s.Controller.ProductController - Products retrieved successfully!!
2024-08-13 12:51:35 [http-nio-8080-exec-1] DEBUG c.s.s.Controller.ProductController - Received a request to retrive a products
2024-08-13 12:51:35 [http-nio-8080-exec-1] INFO  c.s.s.Controller.ProductController - Products retrieved successfully!!
2024-08-13 13:05:09 [http-nio-8080-exec-3] DEBUG c.s.s.Controller.ProductController - Received a request to retrive a products
2024-08-13 13:05:09 [http-nio-8080-exec-3] INFO  c.s.s.Controller.ProductController - Products retrieved successfully!!
2024-08-13 13:31:24 [http-nio-8080-exec-5] DEBUG c.s.s.Controller.ProductController - Received a request to retrive a products
2024-08-13 13:31:25 [http-nio-8080-exec-5] INFO  c.s.s.Controller.ProductController - Products retrieved successfully!!
2024-08-13 13:33:19 [http-nio-8080-exec-7] DEBUG c.s.s.Controller.ProductController - Received a request to retrive a products
2024-08-13 13:33:19 [http-nio-8080-exec-7] INFO  c.s.s.Controller.ProductController - Products retrieved successfully!!
2024-08-13 13:43:47 [http-nio-8080-exec-9] DEBUG c.s.s.Controller.ProductController - Received a request to retrive a products
2024-08-13 13:43:47 [http-nio-8080-exec-9] INFO  c.s.s.Controller.ProductController - Products retrieved successfully!!
2024-08-13 13:49:13 [http-nio-8080-exec-2] DEBUG c.s.s.Controller.ProductController - Received a request to retrive a products
2024-08-13 13:49:13 [http-nio-8080-exec-2] INFO  c.s.s.Controller.ProductController - Products retrieved successfully!!
2024-08-13 13:54:11 [http-nio-8080-exec-4] DEBUG c.s.s.Controller.ProductController - Received a request to retrive a products
2024-08-13 13:54:11 [http-nio-8080-exec-4] INFO  c.s.s.Controller.ProductController - Products retrieved successfully!!
2024-08-13 13:57:49 [http-nio-8080-exec-6] DEBUG c.s.s.Controller.ProductController - Received a request to retrive a products
2024-08-13 13:57:49 [http-nio-8080-exec-6] INFO  c.s.s.Controller.ProductController - Products retrieved successfully!!
2024-08-13 13:58:40 [http-nio-8080-exec-7] DEBUG c.s.s.Controller.ProductController - Received a request to retrive a products
2024-08-13 13:58:40 [http-nio-8080-exec-7] INFO  c.s.s.Controller.ProductController - Products retrieved successfully!!
2024-08-13 14:08:02 [http-nio-8080-exec-9] DEBUG c.s.s.Controller.ProductController - Received a request to retrive a products
2024-08-13 14:08:02 [http-nio-8080-exec-9] INFO  c.s.s.Controller.ProductController - Products retrieved successfully!!
2024-08-13 14:18:19 [http-nio-8080-exec-1] DEBUG c.s.s.Controller.ProductController - Received a request to retrive a products
2024-08-13 14:18:19 [http-nio-8080-exec-1] INFO  c.s.s.Controller.ProductController - Products retrieved successfully!!
2024-08-13 14:21:54 [http-nio-8080-exec-3] DEBUG c.s.s.Controller.ProductController - Received a request to retrive a products
2024-08-13 14:21:54 [http-nio-8080-exec-3] INFO  c.s.s.Controller.ProductController - Products retrieved successfully!!
2024-08-13 14:24:47 [http-nio-8080-exec-6] INFO  o.a.coyote.http11.Http11Processor - Error parsing HTTP request header
 Note: further occurrences of HTTP request parsing errors will be logged at DEBUG level.
java.lang.IllegalArgumentException: Request header is too large
	at org.apache.coyote.http11.Http11InputBuffer.fill(Http11InputBuffer.java:790)
	at org.apache.coyote.http11.Http11InputBuffer.parseRequestLine(Http11InputBuffer.java:454)
	at org.apache.coyote.http11.Http11Processor.service(Http11Processor.java:269)
	at org.apache.coyote.AbstractProcessorLight.process(AbstractProcessorLight.java:65)
	at org.apache.coyote.AbstractProtocol$ConnectionHandler.process(AbstractProtocol.java:893)
	at org.apache.tomcat.util.net.NioEndpoint$SocketProcessor.doRun(NioEndpoint.java:1726)
	at org.apache.tomcat.util.net.SocketProcessorBase.run(SocketProcessorBase.java:49)
	at org.apache.tomcat.util.threads.ThreadPoolExecutor.runWorker(ThreadPoolExecutor.java:1191)
	at org.apache.tomcat.util.threads.ThreadPoolExecutor$Worker.run(ThreadPoolExecutor.java:659)
	at org.apache.tomcat.util.threads.TaskThread$WrappingRunnable.run(TaskThread.java:61)
	at java.base/java.lang.Thread.run(Thread.java:829)
2024-08-13 14:37:27 [http-nio-8080-exec-1] DEBUG c.s.s.Controller.ProductController - Received a request to retrive a products
2024-08-13 14:37:27 [http-nio-8080-exec-1] INFO  c.s.s.Controller.ProductController - Products retrieved successfully!!
2024-08-13 14:38:02 [http-nio-8080-exec-2] DEBUG c.s.s.Controller.ProductController - Received a request to retrive a products
2024-08-13 14:38:02 [http-nio-8080-exec-2] INFO  c.s.s.Controller.ProductController - Products retrieved successfully!!
2024-08-13 14:39:56 [http-nio-8080-exec-5] DEBUG c.s.s.Controller.ProductController - Received a request to retrive a products
2024-08-13 14:39:56 [http-nio-8080-exec-5] INFO  c.s.s.Controller.ProductController - Products retrieved successfully!!
2024-08-13 14:40:18 [http-nio-8080-exec-4] DEBUG c.s.s.Controller.ProductController - Received a request to retrive a products
2024-08-13 14:40:18 [http-nio-8080-exec-4] INFO  c.s.s.Controller.ProductController - Products retrieved successfully!!
2024-08-13 14:44:07 [http-nio-8080-exec-7] DEBUG c.s.s.Controller.ProductController - Received a request to retrive a products
2024-08-13 14:44:07 [http-nio-8080-exec-7] INFO  c.s.s.Controller.ProductController - Products retrieved successfully!!
2024-08-13 14:48:35 [http-nio-8080-exec-9] DEBUG c.s.s.Controller.ProductController - Received a request to retrive a products
2024-08-13 14:48:35 [http-nio-8080-exec-9] INFO  c.s.s.Controller.ProductController - Products retrieved successfully!!
2024-08-13 14:48:40 [http-nio-8080-exec-10] DEBUG c.s.s.Controller.ProductController - Received a request to retrive a products
2024-08-13 14:48:40 [http-nio-8080-exec-10] INFO  c.s.s.Controller.ProductController - Products retrieved successfully!!
2024-08-13 14:54:11 [http-nio-8080-exec-2] ERROR c.s.s.utility.LoggingErrorUtility - Unexpected error occurred
2024-08-13 14:54:11 [http-nio-8080-exec-2] WARN  o.s.w.s.m.m.a.ExceptionHandlerExceptionResolver - Resolved [org.springframework.web.multipart.support.MissingServletRequestPartException: Required request part 'imageFile' is not present]
2024-08-13 14:54:12 [http-nio-8080-exec-3] ERROR c.s.s.utility.LoggingErrorUtility - Unexpected error occurred
2024-08-13 14:54:12 [http-nio-8080-exec-3] WARN  o.s.w.s.m.m.a.ExceptionHandlerExceptionResolver - Resolved [org.springframework.web.multipart.support.MissingServletRequestPartException: Required request part 'imageFile' is not present]
2024-08-13 14:54:13 [http-nio-8080-exec-5] ERROR c.s.s.utility.LoggingErrorUtility - Unexpected error occurred
2024-08-13 14:54:13 [http-nio-8080-exec-5] WARN  o.s.w.s.m.m.a.ExceptionHandlerExceptionResolver - Resolved [org.springframework.web.multipart.support.MissingServletRequestPartException: Required request part 'imageFile' is not present]
2024-08-13 14:54:15 [http-nio-8080-exec-4] ERROR c.s.s.utility.LoggingErrorUtility - Unexpected error occurred
2024-08-13 14:54:15 [http-nio-8080-exec-4] WARN  o.s.w.s.m.m.a.ExceptionHandlerExceptionResolver - Resolved [org.springframework.web.multipart.support.MissingServletRequestPartException: Required request part 'imageFile' is not present]
2024-08-13 14:54:23 [http-nio-8080-exec-6] ERROR c.s.s.utility.LoggingErrorUtility - Unexpected error occurred
2024-08-13 14:54:23 [http-nio-8080-exec-6] WARN  o.s.w.s.m.m.a.ExceptionHandlerExceptionResolver - Resolved [org.springframework.web.multipart.support.MissingServletRequestPartException: Required request part 'imageFile' is not present]
2024-08-13 14:54:24 [http-nio-8080-exec-7] ERROR c.s.s.utility.LoggingErrorUtility - Unexpected error occurred
2024-08-13 14:54:24 [http-nio-8080-exec-7] WARN  o.s.w.s.m.m.a.ExceptionHandlerExceptionResolver - Resolved [org.springframework.web.multipart.support.MissingServletRequestPartException: Required request part 'imageFile' is not present]
2024-08-13 14:54:25 [http-nio-8080-exec-8] ERROR c.s.s.utility.LoggingErrorUtility - Unexpected error occurred
2024-08-13 14:54:25 [http-nio-8080-exec-8] WARN  o.s.w.s.m.m.a.ExceptionHandlerExceptionResolver - Resolved [org.springframework.web.multipart.support.MissingServletRequestPartException: Required request part 'imageFile' is not present]
2024-08-13 14:54:25 [http-nio-8080-exec-9] ERROR c.s.s.utility.LoggingErrorUtility - Unexpected error occurred
2024-08-13 14:54:25 [http-nio-8080-exec-9] WARN  o.s.w.s.m.m.a.ExceptionHandlerExceptionResolver - Resolved [org.springframework.web.multipart.support.MissingServletRequestPartException: Required request part 'imageFile' is not present]
2024-08-13 14:54:26 [http-nio-8080-exec-10] ERROR c.s.s.utility.LoggingErrorUtility - Unexpected error occurred
2024-08-13 14:54:26 [http-nio-8080-exec-10] WARN  o.s.w.s.m.m.a.ExceptionHandlerExceptionResolver - Resolved [org.springframework.web.multipart.support.MissingServletRequestPartException: Required request part 'imageFile' is not present]
2024-08-13 14:54:27 [http-nio-8080-exec-1] ERROR c.s.s.utility.LoggingErrorUtility - Unexpected error occurred
2024-08-13 14:54:27 [http-nio-8080-exec-1] WARN  o.s.w.s.m.m.a.ExceptionHandlerExceptionResolver - Resolved [org.springframework.web.multipart.support.MissingServletRequestPartException: Required request part 'imageFile' is not present]
2024-08-13 14:54:27 [http-nio-8080-exec-2] ERROR c.s.s.utility.LoggingErrorUtility - Unexpected error occurred
2024-08-13 14:54:27 [http-nio-8080-exec-2] WARN  o.s.w.s.m.m.a.ExceptionHandlerExceptionResolver - Resolved [org.springframework.web.multipart.support.MissingServletRequestPartException: Required request part 'imageFile' is not present]
2024-08-13 14:54:27 [http-nio-8080-exec-3] ERROR c.s.s.utility.LoggingErrorUtility - Unexpected error occurred
2024-08-13 14:54:27 [http-nio-8080-exec-3] WARN  o.s.w.s.m.m.a.ExceptionHandlerExceptionResolver - Resolved [org.springframework.web.multipart.support.MissingServletRequestPartException: Required request part 'imageFile' is not present]
2024-08-13 14:54:28 [http-nio-8080-exec-5] ERROR c.s.s.utility.LoggingErrorUtility - Unexpected error occurred
2024-08-13 14:54:28 [http-nio-8080-exec-5] WARN  o.s.w.s.m.m.a.ExceptionHandlerExceptionResolver - Resolved [org.springframework.web.multipart.support.MissingServletRequestPartException: Required request part 'imageFile' is not present]
2024-08-13 14:54:29 [http-nio-8080-exec-4] ERROR c.s.s.utility.LoggingErrorUtility - Unexpected error occurred
2024-08-13 14:54:29 [http-nio-8080-exec-4] WARN  o.s.w.s.m.m.a.ExceptionHandlerExceptionResolver - Resolved [org.springframework.web.multipart.support.MissingServletRequestPartException: Required request part 'imageFile' is not present]
2024-08-13 14:54:43 [http-nio-8080-exec-7] DEBUG c.s.s.Controller.ProductController - Received a request to retrive a products
2024-08-13 14:54:43 [http-nio-8080-exec-7] INFO  c.s.s.Controller.ProductController - Products retrieved successfully!!
2024-08-13 14:54:56 [http-nio-8080-exec-8] DEBUG c.s.s.Controller.ProductController - Received a request to retrive a products
2024-08-13 14:54:56 [http-nio-8080-exec-8] INFO  c.s.s.Controller.ProductController - Products retrieved successfully!!
2024-08-13 14:57:19 [http-nio-8080-exec-10] ERROR c.s.s.utility.LoggingErrorUtility - Unexpected error occurred
2024-08-13 14:57:19 [http-nio-8080-exec-10] WARN  o.s.w.s.m.m.a.ExceptionHandlerExceptionResolver - Resolved [org.springframework.web.multipart.support.MissingServletRequestPartException: Required request part 'imageFile' is not present]
2024-08-13 14:57:20 [http-nio-8080-exec-1] ERROR c.s.s.utility.LoggingErrorUtility - Unexpected error occurred
2024-08-13 14:57:20 [http-nio-8080-exec-1] WARN  o.s.w.s.m.m.a.ExceptionHandlerExceptionResolver - Resolved [org.springframework.web.multipart.support.MissingServletRequestPartException: Required request part 'imageFile' is not present]
2024-08-13 14:59:23 [http-nio-8080-exec-2] ERROR c.s.s.utility.LoggingErrorUtility - Unsupported HTTP method used : Request method 'GET' not supported
2024-08-13 14:59:23 [http-nio-8080-exec-2] WARN  o.s.w.s.m.m.a.ExceptionHandlerExceptionResolver - Resolved [org.springframework.web.HttpRequestMethodNotSupportedException: Request method 'GET' not supported]
2024-08-13 14:59:27 [http-nio-8080-exec-5] ERROR c.s.s.utility.LoggingErrorUtility - Unsupported HTTP method used : Request method 'GET' not supported
2024-08-13 14:59:27 [http-nio-8080-exec-5] WARN  o.s.w.s.m.m.a.ExceptionHandlerExceptionResolver - Resolved [org.springframework.web.HttpRequestMethodNotSupportedException: Request method 'GET' not supported]
2024-08-13 14:59:29 [http-nio-8080-exec-4] ERROR c.s.s.utility.LoggingErrorUtility - Unsupported HTTP method used : Request method 'GET' not supported
2024-08-13 14:59:29 [http-nio-8080-exec-4] WARN  o.s.w.s.m.m.a.ExceptionHandlerExceptionResolver - Resolved [org.springframework.web.HttpRequestMethodNotSupportedException: Request method 'GET' not supported]
2024-08-13 15:00:12 [http-nio-8080-exec-6] ERROR c.s.s.utility.LoggingErrorUtility - Unsupported HTTP method used : Request method 'GET' not supported
2024-08-13 15:00:12 [http-nio-8080-exec-6] WARN  o.s.w.s.m.m.a.ExceptionHandlerExceptionResolver - Resolved [org.springframework.web.HttpRequestMethodNotSupportedException: Request method 'GET' not supported]
2024-08-13 15:01:07 [http-nio-8080-exec-8] ERROR c.s.s.utility.LoggingErrorUtility - Unsupported HTTP method used : Request method 'GET' not supported
2024-08-13 15:01:07 [http-nio-8080-exec-8] WARN  o.s.w.s.m.m.a.ExceptionHandlerExceptionResolver - Resolved [org.springframework.web.HttpRequestMethodNotSupportedException: Request method 'GET' not supported]
2024-08-13 15:01:08 [http-nio-8080-exec-9] ERROR c.s.s.utility.LoggingErrorUtility - Unsupported HTTP method used : Request method 'GET' not supported
2024-08-13 15:01:08 [http-nio-8080-exec-9] WARN  o.s.w.s.m.m.a.ExceptionHandlerExceptionResolver - Resolved [org.springframework.web.HttpRequestMethodNotSupportedException: Request method 'GET' not supported]
2024-08-13 15:01:08 [http-nio-8080-exec-10] ERROR c.s.s.utility.LoggingErrorUtility - Unsupported HTTP method used : Request method 'GET' not supported
2024-08-13 15:01:08 [http-nio-8080-exec-10] WARN  o.s.w.s.m.m.a.ExceptionHandlerExceptionResolver - Resolved [org.springframework.web.HttpRequestMethodNotSupportedException: Request method 'GET' not supported]
2024-08-13 15:01:08 [http-nio-8080-exec-1] ERROR c.s.s.utility.LoggingErrorUtility - Unsupported HTTP method used : Request method 'GET' not supported
2024-08-13 15:01:08 [http-nio-8080-exec-1] WARN  o.s.w.s.m.m.a.ExceptionHandlerExceptionResolver - Resolved [org.springframework.web.HttpRequestMethodNotSupportedException: Request method 'GET' not supported]
2024-08-13 15:01:09 [http-nio-8080-exec-2] ERROR c.s.s.utility.LoggingErrorUtility - Unsupported HTTP method used : Request method 'GET' not supported
2024-08-13 15:01:09 [http-nio-8080-exec-2] WARN  o.s.w.s.m.m.a.ExceptionHandlerExceptionResolver - Resolved [org.springframework.web.HttpRequestMethodNotSupportedException: Request method 'GET' not supported]
2024-08-13 15:01:09 [http-nio-8080-exec-3] ERROR c.s.s.utility.LoggingErrorUtility - Unsupported HTTP method used : Request method 'GET' not supported
2024-08-13 15:01:09 [http-nio-8080-exec-3] WARN  o.s.w.s.m.m.a.ExceptionHandlerExceptionResolver - Resolved [org.springframework.web.HttpRequestMethodNotSupportedException: Request method 'GET' not supported]
2024-08-13 15:01:09 [http-nio-8080-exec-5] ERROR c.s.s.utility.LoggingErrorUtility - Unsupported HTTP method used : Request method 'GET' not supported
2024-08-13 15:01:09 [http-nio-8080-exec-5] WARN  o.s.w.s.m.m.a.ExceptionHandlerExceptionResolver - Resolved [org.springframework.web.HttpRequestMethodNotSupportedException: Request method 'GET' not supported]
2024-08-13 15:01:09 [http-nio-8080-exec-4] ERROR c.s.s.utility.LoggingErrorUtility - Unsupported HTTP method used : Request method 'GET' not supported
2024-08-13 15:01:09 [http-nio-8080-exec-4] WARN  o.s.w.s.m.m.a.ExceptionHandlerExceptionResolver - Resolved [org.springframework.web.HttpRequestMethodNotSupportedException: Request method 'GET' not supported]
2024-08-13 15:01:09 [http-nio-8080-exec-6] ERROR c.s.s.utility.LoggingErrorUtility - Unsupported HTTP method used : Request method 'GET' not supported
2024-08-13 15:01:09 [http-nio-8080-exec-6] WARN  o.s.w.s.m.m.a.ExceptionHandlerExceptionResolver - Resolved [org.springframework.web.HttpRequestMethodNotSupportedException: Request method 'GET' not supported]
2024-08-13 15:02:17 [http-nio-8080-exec-9] ERROR c.s.s.utility.LoggingErrorUtility - Unexpected error occurred
2024-08-13 15:02:17 [http-nio-8080-exec-9] WARN  o.s.w.s.m.m.a.ExceptionHandlerExceptionResolver - Resolved [org.springframework.web.HttpMediaTypeNotSupportedException: Content type 'application/json' not supported]
2024-08-13 15:03:28 [http-nio-8080-exec-2] ERROR c.s.s.utility.LoggingErrorUtility - Unexpected error occurred
2024-08-13 15:03:28 [http-nio-8080-exec-2] WARN  o.s.w.s.m.m.a.ExceptionHandlerExceptionResolver - Resolved [org.springframework.web.HttpMediaTypeNotSupportedException: Content type 'application/json' not supported]
2024-08-13 15:03:51 [http-nio-8080-exec-5] ERROR c.s.s.utility.LoggingErrorUtility - Unexpected error occurred
2024-08-13 15:03:51 [http-nio-8080-exec-5] WARN  o.s.w.s.m.m.a.ExceptionHandlerExceptionResolver - Resolved [org.springframework.web.HttpMediaTypeNotSupportedException: Content type 'application/json' not supported]
2024-08-13 15:04:37 [http-nio-8080-exec-6] DEBUG c.s.s.Controller.ProductController - Received a request to retrive a products
2024-08-13 15:04:37 [http-nio-8080-exec-6] INFO  c.s.s.Controller.ProductController - Products retrieved successfully!!
2024-08-13 15:05:17 [http-nio-8080-exec-7] DEBUG c.s.s.Controller.ProductController - Received a request to retrive a products
2024-08-13 15:05:17 [http-nio-8080-exec-7] INFO  c.s.s.Controller.ProductController - Products retrieved successfully!!
2024-08-13 15:05:28 [http-nio-8080-exec-8] ERROR c.s.s.utility.LoggingErrorUtility - Unexpected error occurred
2024-08-13 15:05:28 [http-nio-8080-exec-8] WARN  o.s.w.s.m.m.a.ExceptionHandlerExceptionResolver - Resolved [org.springframework.web.HttpMediaTypeNotSupportedException: Content type 'application/json' not supported]
2024-08-13 15:06:20 [http-nio-8080-exec-10] ERROR c.s.s.utility.LoggingErrorUtility - Unexpected error occurred
2024-08-13 15:06:20 [http-nio-8080-exec-10] WARN  o.s.w.s.m.m.a.ExceptionHandlerExceptionResolver - Resolved [org.springframework.web.multipart.support.MissingServletRequestPartException: Required request part 'imageFile' is not present]
2024-08-13 15:06:37 [http-nio-8080-exec-9] DEBUG c.s.s.Controller.ProductController - Request to add a product
2024-08-13 15:06:37 [http-nio-8080-exec-9] INFO  c.s.s.Controller.ProductController - Product added successfully: Desk
2024-08-13 15:21:57 [http-nio-8080-exec-3] DEBUG c.s.s.Controller.ProductController - Received a request to retrive a products
2024-08-13 15:21:57 [http-nio-8080-exec-3] INFO  c.s.s.Controller.ProductController - Products retrieved successfully!!
2024-08-13 15:24:14 [http-nio-8080-exec-4] DEBUG c.s.s.Controller.ProductController - Received a request to retrive a products
2024-08-13 15:24:14 [http-nio-8080-exec-4] INFO  c.s.s.Controller.ProductController - Products retrieved successfully!!
2024-08-13 15:30:06 [http-nio-8080-exec-8] DEBUG c.s.s.Controller.ProductController - Received a request to retrive a products
2024-08-13 15:30:06 [http-nio-8080-exec-8] INFO  c.s.s.Controller.ProductController - Products retrieved successfully!!
2024-08-13 15:41:19 [http-nio-8080-exec-9] DEBUG c.s.s.Controller.ProductController - Received a request to retrive a products
2024-08-13 15:41:19 [http-nio-8080-exec-9] INFO  c.s.s.Controller.ProductController - Products retrieved successfully!!
2024-08-13 15:41:53 [http-nio-8080-exec-1] DEBUG c.s.s.Controller.ProductController - Received a request to retrive a products
2024-08-13 15:41:53 [http-nio-8080-exec-1] INFO  c.s.s.Controller.ProductController - Products retrieved successfully!!
2024-08-13 15:43:46 [http-nio-8080-exec-3] DEBUG c.s.s.Controller.ProductController - Received a request to retrive a products
2024-08-13 15:43:46 [http-nio-8080-exec-3] INFO  c.s.s.Controller.ProductController - Products retrieved successfully!!
2024-08-13 15:43:52 [http-nio-8080-exec-5] DEBUG c.s.s.Controller.ProductController - Received a request to retrive a products
2024-08-13 15:43:52 [http-nio-8080-exec-5] INFO  c.s.s.Controller.ProductController - Products retrieved successfully!!
2024-08-13 16:00:25 [http-nio-8080-exec-6] DEBUG c.s.s.Controller.ProductController - Received a request to retrive a products
2024-08-13 16:00:25 [http-nio-8080-exec-6] INFO  c.s.s.Controller.ProductController - Products retrieved successfully!!
2024-08-13 16:02:11 [http-nio-8080-exec-8] DEBUG c.s.s.Controller.ProductController - Received a request to retrive a products
2024-08-13 16:02:11 [http-nio-8080-exec-8] INFO  c.s.s.Controller.ProductController - Products retrieved successfully!!
2024-08-13 16:03:04 [http-nio-8080-exec-10] DEBUG c.s.s.Controller.ProductController - Received a request to retrive a products
2024-08-13 16:03:04 [http-nio-8080-exec-10] INFO  c.s.s.Controller.ProductController - Products retrieved successfully!!
2024-08-13 16:05:19 [http-nio-8080-exec-1] DEBUG c.s.s.Controller.ProductController - Received a request to retrive a products
2024-08-13 16:05:19 [http-nio-8080-exec-1] INFO  c.s.s.Controller.ProductController - Products retrieved successfully!!
2024-08-13 16:05:52 [http-nio-8080-exec-2] DEBUG c.s.s.Controller.ProductController - Received a request to retrive a products
2024-08-13 16:05:52 [http-nio-8080-exec-2] INFO  c.s.s.Controller.ProductController - Products retrieved successfully!!
2024-08-13 16:09:02 [http-nio-8080-exec-5] DEBUG c.s.s.Controller.ProductController - Received a request to retrive a products
2024-08-13 16:09:02 [http-nio-8080-exec-5] INFO  c.s.s.Controller.ProductController - Products retrieved successfully!!
2024-08-13 16:09:04 [http-nio-8080-exec-4] DEBUG c.s.s.Controller.ProductController - Received a request to retrive a products
2024-08-13 16:09:04 [http-nio-8080-exec-4] INFO  c.s.s.Controller.ProductController - Products retrieved successfully!!
2024-08-13 16:09:23 [http-nio-8080-exec-6] DEBUG c.s.s.Controller.ProductController - Received a request to retrive a products
2024-08-13 16:09:23 [http-nio-8080-exec-6] INFO  c.s.s.Controller.ProductController - Products retrieved successfully!!
2024-08-13 16:10:18 [http-nio-8080-exec-7] DEBUG c.s.s.Controller.ProductController - Received a request to retrive a products
2024-08-13 16:10:18 [http-nio-8080-exec-7] INFO  c.s.s.Controller.ProductController - Products retrieved successfully!!
2024-08-13 16:11:18 [http-nio-8080-exec-8] DEBUG c.s.s.Controller.ProductController - Received a request to retrive a products
2024-08-13 16:11:18 [http-nio-8080-exec-8] INFO  c.s.s.Controller.ProductController - Products retrieved successfully!!
2024-08-13 16:11:47 [http-nio-8080-exec-10] DEBUG c.s.s.Controller.ProductController - Received a request to retrive a products
2024-08-13 16:11:47 [http-nio-8080-exec-10] INFO  c.s.s.Controller.ProductController - Products retrieved successfully!!
2024-08-13 16:12:13 [http-nio-8080-exec-9] DEBUG c.s.s.Controller.ProductController - Received a request to retrive a products
2024-08-13 16:12:13 [http-nio-8080-exec-9] INFO  c.s.s.Controller.ProductController - Products retrieved successfully!!
2024-08-13 16:14:19 [http-nio-8080-exec-2] DEBUG c.s.s.Controller.ProductController - Received a request to retrive a products
2024-08-13 16:14:19 [http-nio-8080-exec-2] INFO  c.s.s.Controller.ProductController - Products retrieved successfully!!
2024-08-13 16:14:31 [http-nio-8080-exec-3] DEBUG c.s.s.Controller.ProductController - Received a request to retrive a products
2024-08-13 16:14:31 [http-nio-8080-exec-3] INFO  c.s.s.Controller.ProductController - Products retrieved successfully!!
2024-08-13 16:15:06 [http-nio-8080-exec-5] DEBUG c.s.s.Controller.ProductController - Received a request to retrive a products
2024-08-13 16:15:06 [http-nio-8080-exec-5] INFO  c.s.s.Controller.ProductController - Products retrieved successfully!!
2024-08-13 16:15:20 [http-nio-8080-exec-4] DEBUG c.s.s.Controller.ProductController - Received a request to retrive a products
2024-08-13 16:15:20 [http-nio-8080-exec-4] INFO  c.s.s.Controller.ProductController - Products retrieved successfully!!
2024-08-13 16:15:37 [http-nio-8080-exec-6] DEBUG c.s.s.Controller.ProductController - Received a request to retrive a products
2024-08-13 16:15:37 [http-nio-8080-exec-6] INFO  c.s.s.Controller.ProductController - Products retrieved successfully!!
2024-08-13 16:18:56 [http-nio-8080-exec-8] DEBUG c.s.s.Controller.ProductController - Received a request to retrive a products
2024-08-13 16:18:56 [http-nio-8080-exec-8] INFO  c.s.s.Controller.ProductController - Products retrieved successfully!!
2024-08-13 16:20:22 [http-nio-8080-exec-9] DEBUG c.s.s.Controller.ProductController - Received a request to retrive a products
2024-08-13 16:20:22 [http-nio-8080-exec-9] INFO  c.s.s.Controller.ProductController - Products retrieved successfully!!
2024-08-13 16:25:59 [http-nio-8080-exec-2] DEBUG c.s.s.Controller.ProductController - Received a request to retrive a products
2024-08-13 16:25:59 [http-nio-8080-exec-2] INFO  c.s.s.Controller.ProductController - Products retrieved successfully!!
2024-08-13 16:27:46 [http-nio-8080-exec-5] DEBUG c.s.s.Controller.ProductController - Received a request to retrive a products
2024-08-13 16:27:46 [http-nio-8080-exec-5] INFO  c.s.s.Controller.ProductController - Products retrieved successfully!!
2024-08-13 16:29:38 [http-nio-8080-exec-6] DEBUG c.s.s.Controller.ProductController - Received a request to retrive a products
2024-08-13 16:29:38 [http-nio-8080-exec-6] INFO  c.s.s.Controller.ProductController - Products retrieved successfully!!
2024-08-13 16:31:26 [http-nio-8080-exec-8] DEBUG c.s.s.Controller.ProductController - Received a request to retrive a products
2024-08-13 16:31:26 [http-nio-8080-exec-8] INFO  c.s.s.Controller.ProductController - Products retrieved successfully!!
2024-08-13 16:31:45 [http-nio-8080-exec-10] DEBUG c.s.s.Controller.ProductController - Received a request to retrive a products
2024-08-13 16:31:45 [http-nio-8080-exec-10] INFO  c.s.s.Controller.ProductController - Products retrieved successfully!!
2024-08-13 16:32:39 [http-nio-8080-exec-9] DEBUG c.s.s.Controller.ProductController - Received a request to retrive a products
2024-08-13 16:32:39 [http-nio-8080-exec-9] INFO  c.s.s.Controller.ProductController - Products retrieved successfully!!
2024-08-13 16:33:58 [http-nio-8080-exec-2] DEBUG c.s.s.Controller.ProductController - Received a request to retrive a products
2024-08-13 16:33:58 [http-nio-8080-exec-2] INFO  c.s.s.Controller.ProductController - Products retrieved successfully!!
2024-08-13 16:36:07 [http-nio-8080-exec-5] DEBUG c.s.s.Controller.ProductController - Received a request to retrive a products
2024-08-13 16:36:07 [http-nio-8080-exec-5] INFO  c.s.s.Controller.ProductController - Products retrieved successfully!!
2024-08-13 16:37:31 [http-nio-8080-exec-6] DEBUG c.s.s.Controller.ProductController - Received a request to retrive a products
2024-08-13 16:37:31 [http-nio-8080-exec-6] INFO  c.s.s.Controller.ProductController - Products retrieved successfully!!
2024-08-13 16:38:03 [http-nio-8080-exec-7] DEBUG c.s.s.Controller.ProductController - Received a request to retrive a products
2024-08-13 16:38:03 [http-nio-8080-exec-7] INFO  c.s.s.Controller.ProductController - Products retrieved successfully!!
2024-08-13 16:43:10 [http-nio-8080-exec-10] DEBUG c.s.s.Controller.ProductController - Received a request to retrive a products
2024-08-13 16:43:10 [http-nio-8080-exec-10] INFO  c.s.s.Controller.ProductController - Products retrieved successfully!!
2024-08-13 16:43:17 [http-nio-8080-exec-1] DEBUG c.s.s.Controller.ProductController - Received a request to retrive a products
2024-08-13 16:43:17 [http-nio-8080-exec-1] INFO  c.s.s.Controller.ProductController - Products retrieved successfully!!
2024-08-13 16:44:48 [http-nio-8080-exec-5] DEBUG c.s.s.Controller.ProductController - Received a request to retrive a products
2024-08-13 16:44:48 [http-nio-8080-exec-5] INFO  c.s.s.Controller.ProductController - Products retrieved successfully!!
2024-08-13 16:45:01 [http-nio-8080-exec-4] DEBUG c.s.s.Controller.ProductController - Received a request to retrive a products
2024-08-13 16:45:01 [http-nio-8080-exec-4] INFO  c.s.s.Controller.ProductController - Products retrieved successfully!!
2024-08-13 16:45:13 [http-nio-8080-exec-6] DEBUG c.s.s.Controller.ProductController - Received a request to retrive a products
2024-08-13 16:45:13 [http-nio-8080-exec-6] INFO  c.s.s.Controller.ProductController - Products retrieved successfully!!
2024-08-13 16:45:51 [http-nio-8080-exec-7] DEBUG c.s.s.Controller.ProductController - Received a request to retrive a products
2024-08-13 16:45:51 [http-nio-8080-exec-7] INFO  c.s.s.Controller.ProductController - Products retrieved successfully!!
2024-08-13 16:49:05 [http-nio-8080-exec-10] DEBUG c.s.s.Controller.ProductController - Received a request to retrive a products
2024-08-13 16:49:05 [http-nio-8080-exec-10] INFO  c.s.s.Controller.ProductController - Products retrieved successfully!!
2024-08-13 16:49:29 [http-nio-8080-exec-9] DEBUG c.s.s.Controller.ProductController - Received a request to retrive a products
2024-08-13 16:49:29 [http-nio-8080-exec-9] INFO  c.s.s.Controller.ProductController - Products retrieved successfully!!
2024-08-13 16:49:53 [http-nio-8080-exec-1] DEBUG c.s.s.Controller.ProductController - Received a request to retrive a products
2024-08-13 16:49:53 [http-nio-8080-exec-1] INFO  c.s.s.Controller.ProductController - Products retrieved successfully!!
2024-08-13 16:55:29 [http-nio-8080-exec-3] DEBUG c.s.s.Controller.ProductController - Received a request to retrive a products
2024-08-13 16:55:29 [http-nio-8080-exec-3] INFO  c.s.s.Controller.ProductController - Products retrieved successfully!!
2024-08-13 17:32:43 [http-nio-8080-exec-4] DEBUG c.s.s.Controller.ProductController - Received a request to retrive a products
2024-08-13 17:32:43 [http-nio-8080-exec-4] INFO  c.s.s.Controller.ProductController - Products retrieved successfully!!
2024-08-13 17:33:59 [http-nio-8080-exec-7] DEBUG c.s.s.Controller.ProductController - Received a request to retrive a products
2024-08-13 17:33:59 [http-nio-8080-exec-7] INFO  c.s.s.Controller.ProductController - Products retrieved successfully!!
2024-08-13 17:43:46 [http-nio-8080-exec-10] DEBUG c.s.s.Controller.ProductController - Received a request to retrive a products
2024-08-13 17:43:46 [http-nio-8080-exec-10] INFO  c.s.s.Controller.ProductController - Products retrieved successfully!!
2024-08-13 17:45:22 [http-nio-8080-exec-1] DEBUG c.s.s.Controller.ProductController - Received a request to retrive a products
2024-08-13 17:45:22 [http-nio-8080-exec-1] INFO  c.s.s.Controller.ProductController - Products retrieved successfully!!
2024-08-13 17:45:56 [http-nio-8080-exec-2] DEBUG c.s.s.Controller.ProductController - Request to add a product
2024-08-13 17:45:56 [http-nio-8080-exec-2] INFO  c.s.s.Controller.ProductController - Product added successfully: iphone
2024-08-13 17:46:15 [http-nio-8080-exec-3] DEBUG c.s.s.Controller.ProductController - Request to add a product
2024-08-13 17:46:15 [http-nio-8080-exec-3] INFO  c.s.s.Controller.ProductController - Product added successfully: iphone
2024-08-13 17:47:04 [http-nio-8080-exec-5] DEBUG c.s.s.Controller.ProductController - Received a request to retrive a products
2024-08-13 17:47:04 [http-nio-8080-exec-5] INFO  c.s.s.Controller.ProductController - Products retrieved successfully!!
2024-08-13 18:03:07 [http-nio-8080-exec-6] DEBUG c.s.s.Controller.ProductController - Received a request to retrive a products
2024-08-13 18:03:07 [http-nio-8080-exec-6] INFO  c.s.s.Controller.ProductController - Products retrieved successfully!!
2024-08-13 18:05:41 [http-nio-8080-exec-10] DEBUG c.s.s.Controller.ProductController - Received a request to delete a product
2024-08-13 18:05:41 [http-nio-8080-exec-10] INFO  c.s.s.Controller.ProductController - Product deleted successfully with ID: 32
2024-08-13 18:10:25 [http-nio-8080-exec-1] DEBUG c.s.s.Controller.ProductController - Received a request to retrive a products
2024-08-13 18:10:25 [http-nio-8080-exec-1] INFO  c.s.s.Controller.ProductController - Products retrieved successfully!!
2024-08-13 18:10:43 [http-nio-8080-exec-2] DEBUG c.s.s.Controller.ProductController - Received a request to retrive a products
2024-08-13 18:10:43 [http-nio-8080-exec-2] INFO  c.s.s.Controller.ProductController - Products retrieved successfully!!
2024-08-13 18:13:35 [http-nio-8080-exec-5] DEBUG c.s.s.Controller.ProductController - Received a request to retrive a products
2024-08-13 18:13:35 [http-nio-8080-exec-5] INFO  c.s.s.Controller.ProductController - Products retrieved successfully!!
2024-08-13 18:14:01 [http-nio-8080-exec-4] DEBUG c.s.s.Controller.ProductController - Received a request to retrive a products
2024-08-13 18:14:01 [http-nio-8080-exec-4] INFO  c.s.s.Controller.ProductController - Products retrieved successfully!!
2024-08-13 18:14:10 [http-nio-8080-exec-6] DEBUG c.s.s.Controller.ProductController - Received a request to retrive a products
2024-08-13 18:14:10 [http-nio-8080-exec-6] INFO  c.s.s.Controller.ProductController - Products retrieved successfully!!
2024-08-13 18:14:28 [http-nio-8080-exec-7] DEBUG c.s.s.Controller.ProductController - Received a request to retrive a products
2024-08-13 18:14:28 [http-nio-8080-exec-7] INFO  c.s.s.Controller.ProductController - Products retrieved successfully!!
2024-08-13 18:15:05 [http-nio-8080-exec-8] DEBUG c.s.s.Controller.ProductController - Received a request to retrive a products
2024-08-13 18:15:05 [http-nio-8080-exec-8] INFO  c.s.s.Controller.ProductController - Products retrieved successfully!!
2024-08-13 18:15:29 [http-nio-8080-exec-10] DEBUG c.s.s.Controller.ProductController - Received a request to retrive a products
2024-08-13 18:15:29 [http-nio-8080-exec-10] INFO  c.s.s.Controller.ProductController - Products retrieved successfully!!
2024-08-13 18:15:51 [http-nio-8080-exec-9] DEBUG c.s.s.Controller.ProductController - Received a request to retrive a products
2024-08-13 18:15:51 [http-nio-8080-exec-9] INFO  c.s.s.Controller.ProductController - Products retrieved successfully!!
2024-08-13 18:16:25 [http-nio-8080-exec-1] DEBUG c.s.s.Controller.ProductController - Received a request to retrive a products
2024-08-13 18:16:25 [http-nio-8080-exec-1] INFO  c.s.s.Controller.ProductController - Products retrieved successfully!!
2024-08-13 18:18:32 [http-nio-8080-exec-3] DEBUG c.s.s.Controller.ProductController - Received a request to retrive a products
2024-08-13 18:18:32 [http-nio-8080-exec-3] INFO  c.s.s.Controller.ProductController - Products retrieved successfully!!
2024-08-13 18:19:29 [http-nio-8080-exec-5] DEBUG c.s.s.Controller.ProductController - Received a request to retrive a products
2024-08-13 18:19:29 [http-nio-8080-exec-5] INFO  c.s.s.Controller.ProductController - Products retrieved successfully!!
2024-08-13 18:19:50 [http-nio-8080-exec-4] DEBUG c.s.s.Controller.ProductController - Received a request to retrive a products
2024-08-13 18:19:51 [http-nio-8080-exec-4] INFO  c.s.s.Controller.ProductController - Products retrieved successfully!!
2024-08-13 18:21:48 [http-nio-8080-exec-7] DEBUG c.s.s.Controller.ProductController - Received a request to retrive a products
2024-08-13 18:21:48 [http-nio-8080-exec-7] INFO  c.s.s.Controller.ProductController - Products retrieved successfully!!
2024-08-13 18:23:40 [http-nio-8080-exec-10] DEBUG c.s.s.Controller.ProductController - Received a request to retrive a products
2024-08-13 18:23:40 [http-nio-8080-exec-10] INFO  c.s.s.Controller.ProductController - Products retrieved successfully!!
2024-08-13 18:30:37 [http-nio-8080-exec-1] DEBUG c.s.s.Controller.ProductController - Received a request to retrive a products
2024-08-13 18:30:37 [http-nio-8080-exec-1] INFO  c.s.s.Controller.ProductController - Products retrieved successfully!!
