2024-08-14 15:26:28 [http-nio-8080-exec-3] DEBUG c.s.s.Controller.ProductController - Received a request to retrive a products
2024-08-14 15:26:28 [http-nio-8080-exec-3] INFO  c.s.s.Controller.ProductController - Products retrieved successfully!!
2024-08-14 15:33:58 [http-nio-8080-exec-4] DEBUG c.s.s.Controller.ProductController - Received a request to retrive a products
2024-08-14 15:33:58 [http-nio-8080-exec-4] INFO  c.s.s.Controller.ProductController - Products retrieved successfully!!
2024-08-14 15:43:39 [http-nio-8080-exec-7] DEBUG c.s.s.Controller.ProductController - Received a request to retrive a products
2024-08-14 15:43:39 [http-nio-8080-exec-7] INFO  c.s.s.Controller.ProductController - Products retrieved successfully!!
2024-08-14 15:44:18 [http-nio-8080-exec-10] DEBUG c.s.s.Controller.ProductController - Received a request to delete a product
2024-08-14 15:44:18 [http-nio-8080-exec-10] INFO  c.s.s.Controller.ProductController - Product deleted successfully with ID: 6
2024-08-14 15:44:21 [http-nio-8080-exec-9] DEBUG c.s.s.Controller.ProductController - Received a request to delete a product
2024-08-14 15:44:21 [http-nio-8080-exec-9] ERROR c.s.s.utility.LoggingErrorUtility - Product not found : Product Not Found with product id: 6
2024-08-14 15:44:21 [http-nio-8080-exec-9] WARN  o.s.w.s.m.m.a.ExceptionHandlerExceptionResolver - Resolved [com.springbootproject.springbootproject.Exception.ProductNotFoundException: Product Not Found with product id: 6]
2024-08-14 15:44:51 [SpringApplicationShutdownHook] INFO  o.s.o.j.LocalContainerEntityManagerFactoryBean - Closing JPA EntityManagerFactory for persistence unit 'default'
2024-08-14 15:44:51 [SpringApplicationShutdownHook] INFO  com.zaxxer.hikari.HikariDataSource - HikariPool-1 - Shutdown initiated...
2024-08-14 15:44:51 [SpringApplicationShutdownHook] INFO  com.zaxxer.hikari.HikariDataSource - HikariPool-1 - Shutdown completed.
2024-08-14 15:44:54 [restartedMain] INFO  c.s.s.SpringbootprojectApplication - Starting SpringbootprojectApplication using Java 11.0.23 on remiges with PID 245212 (/home/ifrahj/Documents/javalearning/Ecommerce/ecommercebackend/springbootproject/target/classes started by ifrahj in /home/ifrahj/Documents/javalearning/Ecommerce/ecommercebackend)
2024-08-14 15:44:54 [restartedMain] INFO  c.s.s.SpringbootprojectApplication - No active profile set, falling back to default profiles: default
2024-08-14 15:44:54 [restartedMain] INFO  o.s.b.d.e.DevToolsPropertyDefaultsPostProcessor - Devtools property defaults active! Set 'spring.devtools.add-properties' to 'false' to disable
2024-08-14 15:44:54 [restartedMain] INFO  o.s.b.d.e.DevToolsPropertyDefaultsPostProcessor - For additional web related logging consider setting the 'logging.level.web' property to 'DEBUG'
2024-08-14 15:44:54 [restartedMain] INFO  o.s.d.r.c.RepositoryConfigurationDelegate - Bootstrapping Spring Data JPA repositories in DEFAULT mode.
2024-08-14 15:44:54 [restartedMain] INFO  o.s.d.r.c.RepositoryConfigurationDelegate - Finished Spring Data repository scanning in 32 ms. Found 4 JPA repository interfaces.
2024-08-14 15:44:55 [restartedMain] INFO  o.s.b.w.e.tomcat.TomcatWebServer - Tomcat initialized with port(s): 8080 (http)
2024-08-14 15:44:55 [restartedMain] INFO  o.a.coyote.http11.Http11NioProtocol - Initializing ProtocolHandler ["http-nio-8080"]
2024-08-14 15:44:55 [restartedMain] INFO  o.a.catalina.core.StandardService - Starting service [Tomcat]
2024-08-14 15:44:55 [restartedMain] INFO  o.a.catalina.core.StandardEngine - Starting Servlet engine: [Apache Tomcat/9.0.53]
2024-08-14 15:44:55 [restartedMain] INFO  o.a.c.c.C.[Tomcat].[localhost].[/] - Initializing Spring embedded WebApplicationContext
2024-08-14 15:44:55 [restartedMain] INFO  o.s.b.w.s.c.ServletWebServerApplicationContext - Root WebApplicationContext: initialization completed in 1004 ms
2024-08-14 15:44:55 [restartedMain] INFO  o.h.jpa.internal.util.LogHelper - HHH000204: Processing PersistenceUnitInfo [name: default]
2024-08-14 15:44:55 [restartedMain] INFO  org.hibernate.Version - HHH000412: Hibernate ORM core version 5.4.32.Final
2024-08-14 15:44:55 [restartedMain] INFO  o.h.annotations.common.Version - HCANN000001: Hibernate Commons Annotations {5.1.2.Final}
2024-08-14 15:44:55 [restartedMain] INFO  com.zaxxer.hikari.HikariDataSource - HikariPool-1 - Starting...
2024-08-14 15:44:55 [restartedMain] INFO  com.zaxxer.hikari.HikariDataSource - HikariPool-1 - Start completed.
2024-08-14 15:44:55 [restartedMain] INFO  org.hibernate.dialect.Dialect - HHH000400: Using dialect: org.hibernate.dialect.PostgreSQLDialect
2024-08-14 15:44:56 [restartedMain] INFO  o.h.e.t.j.p.i.JtaPlatformInitiator - HHH000490: Using JtaPlatform implementation: [org.hibernate.engine.transaction.jta.platform.internal.NoJtaPlatform]
2024-08-14 15:44:56 [restartedMain] INFO  o.s.o.j.LocalContainerEntityManagerFactoryBean - Initialized JPA EntityManagerFactory for persistence unit 'default'
2024-08-14 15:44:56 [restartedMain] WARN  o.s.b.a.o.j.JpaBaseConfiguration$JpaWebConfiguration - spring.jpa.open-in-view is enabled by default. Therefore, database queries may be performed during view rendering. Explicitly configure spring.jpa.open-in-view to disable this warning
2024-08-14 15:44:57 [restartedMain] INFO  o.s.b.d.a.OptionalLiveReloadServer - LiveReload server is running on port 35729
2024-08-14 15:44:57 [restartedMain] INFO  o.a.coyote.http11.Http11NioProtocol - Starting ProtocolHandler ["http-nio-8080"]
2024-08-14 15:44:57 [restartedMain] INFO  o.s.b.w.e.tomcat.TomcatWebServer - Tomcat started on port(s): 8080 (http) with context path ''
2024-08-14 15:44:57 [restartedMain] INFO  c.s.s.SpringbootprojectApplication - Started SpringbootprojectApplication in 2.972 seconds (JVM running for 3.308)
2024-08-14 15:45:03 [http-nio-8080-exec-1] INFO  o.a.c.c.C.[Tomcat].[localhost].[/] - Initializing Spring DispatcherServlet 'dispatcherServlet'
2024-08-14 15:45:03 [http-nio-8080-exec-1] INFO  o.s.web.servlet.DispatcherServlet - Initializing Servlet 'dispatcherServlet'
2024-08-14 15:45:03 [http-nio-8080-exec-1] INFO  o.s.web.servlet.DispatcherServlet - Completed initialization in 0 ms
2024-08-14 15:45:03 [http-nio-8080-exec-2] DEBUG c.s.s.Controller.ProductController - Received a request to delete a product
2024-08-14 15:45:03 [http-nio-8080-exec-2] INFO  c.s.s.Controller.ProductController - Product deleted successfully with ID: 5
2024-08-14 15:45:15 [http-nio-8080-exec-4] DEBUG c.s.s.Controller.ProductController - Received a request to delete a product
2024-08-14 15:45:15 [http-nio-8080-exec-4] INFO  c.s.s.Controller.ProductController - Product deleted successfully with ID: 20
2024-08-14 15:45:22 [http-nio-8080-exec-6] DEBUG c.s.s.Controller.ProductController - Received a request to delete a product
2024-08-14 15:45:22 [http-nio-8080-exec-6] INFO  c.s.s.Controller.ProductController - Product deleted successfully with ID: 30
2024-08-14 15:45:50 [http-nio-8080-exec-7] DEBUG c.s.s.Controller.ProductController - Received a request to delete a product
2024-08-14 15:45:50 [http-nio-8080-exec-7] ERROR c.s.s.utility.LoggingErrorUtility - Product not found : Product Not Found with product id: 5
2024-08-14 15:45:50 [http-nio-8080-exec-7] WARN  o.s.w.s.m.m.a.ExceptionHandlerExceptionResolver - Resolved [com.springbootproject.springbootproject.Exception.ProductNotFoundException: Product Not Found with product id: 5]
2024-08-14 15:45:51 [http-nio-8080-exec-8] DEBUG c.s.s.Controller.ProductController - Received a request to delete a product
2024-08-14 15:45:51 [http-nio-8080-exec-8] ERROR c.s.s.utility.LoggingErrorUtility - Product not found : Product Not Found with product id: 5
2024-08-14 15:45:51 [http-nio-8080-exec-8] WARN  o.s.w.s.m.m.a.ExceptionHandlerExceptionResolver - Resolved [com.springbootproject.springbootproject.Exception.ProductNotFoundException: Product Not Found with product id: 5]
2024-08-14 15:45:51 [http-nio-8080-exec-9] DEBUG c.s.s.Controller.ProductController - Received a request to delete a product
2024-08-14 15:45:51 [http-nio-8080-exec-9] ERROR c.s.s.utility.LoggingErrorUtility - Product not found : Product Not Found with product id: 5
2024-08-14 15:45:51 [http-nio-8080-exec-9] WARN  o.s.w.s.m.m.a.ExceptionHandlerExceptionResolver - Resolved [com.springbootproject.springbootproject.Exception.ProductNotFoundException: Product Not Found with product id: 5]
2024-08-14 15:45:51 [http-nio-8080-exec-10] DEBUG c.s.s.Controller.ProductController - Received a request to delete a product
2024-08-14 15:45:51 [http-nio-8080-exec-10] ERROR c.s.s.utility.LoggingErrorUtility - Product not found : Product Not Found with product id: 5
2024-08-14 15:45:51 [http-nio-8080-exec-10] WARN  o.s.w.s.m.m.a.ExceptionHandlerExceptionResolver - Resolved [com.springbootproject.springbootproject.Exception.ProductNotFoundException: Product Not Found with product id: 5]
2024-08-14 15:45:51 [http-nio-8080-exec-1] DEBUG c.s.s.Controller.ProductController - Received a request to delete a product
2024-08-14 15:45:51 [http-nio-8080-exec-1] ERROR c.s.s.utility.LoggingErrorUtility - Product not found : Product Not Found with product id: 5
2024-08-14 15:45:51 [http-nio-8080-exec-1] WARN  o.s.w.s.m.m.a.ExceptionHandlerExceptionResolver - Resolved [com.springbootproject.springbootproject.Exception.ProductNotFoundException: Product Not Found with product id: 5]
2024-08-14 15:45:53 [http-nio-8080-exec-3] DEBUG c.s.s.Controller.ProductController - Received a request to delete a product
2024-08-14 15:45:53 [http-nio-8080-exec-3] INFO  c.s.s.Controller.ProductController - Product deleted successfully with ID: 4
2024-08-14 15:45:54 [http-nio-8080-exec-5] DEBUG c.s.s.Controller.ProductController - Received a request to delete a product
2024-08-14 15:45:54 [http-nio-8080-exec-5] INFO  c.s.s.Controller.ProductController - Product deleted successfully with ID: 3
2024-08-14 15:45:55 [http-nio-8080-exec-6] DEBUG c.s.s.Controller.ProductController - Received a request to delete a product
2024-08-14 15:45:55 [http-nio-8080-exec-6] ERROR c.s.s.utility.LoggingErrorUtility - Product not found : Product Not Found with product id: 3
2024-08-14 15:45:55 [http-nio-8080-exec-6] WARN  o.s.w.s.m.m.a.ExceptionHandlerExceptionResolver - Resolved [com.springbootproject.springbootproject.Exception.ProductNotFoundException: Product Not Found with product id: 3]
2024-08-14 15:45:56 [http-nio-8080-exec-8] DEBUG c.s.s.Controller.ProductController - Received a request to delete a product
2024-08-14 15:45:56 [http-nio-8080-exec-8] INFO  c.s.s.Controller.ProductController - Product deleted successfully with ID: 9
2024-08-14 15:45:57 [http-nio-8080-exec-10] DEBUG c.s.s.Controller.ProductController - Received a request to delete a product
2024-08-14 15:45:57 [http-nio-8080-exec-10] INFO  c.s.s.Controller.ProductController - Product deleted successfully with ID: 11
2024-08-14 15:45:58 [http-nio-8080-exec-2] DEBUG c.s.s.Controller.ProductController - Received a request to delete a product
2024-08-14 15:45:58 [http-nio-8080-exec-2] INFO  c.s.s.Controller.ProductController - Product deleted successfully with ID: 14
2024-08-14 15:45:59 [http-nio-8080-exec-4] DEBUG c.s.s.Controller.ProductController - Received a request to delete a product
2024-08-14 15:45:59 [http-nio-8080-exec-4] INFO  c.s.s.Controller.ProductController - Product deleted successfully with ID: 17
2024-08-14 15:50:03 [http-nio-8080-exec-6] DEBUG c.s.s.Controller.ProductController - Received a request to retrive a products
2024-08-14 15:50:03 [http-nio-8080-exec-6] INFO  c.s.s.Controller.ProductController - Products retrieved successfully!!
2024-08-14 15:50:08 [http-nio-8080-exec-8] DEBUG c.s.s.Controller.ProductController - Received a request to delete a product
2024-08-14 15:50:08 [http-nio-8080-exec-8] INFO  c.s.s.Controller.ProductController - Product deleted successfully with ID: 22
2024-08-14 15:50:10 [http-nio-8080-exec-10] DEBUG c.s.s.Controller.ProductController - Received a request to delete a product
2024-08-14 15:50:10 [http-nio-8080-exec-10] INFO  c.s.s.Controller.ProductController - Product deleted successfully with ID: 26
2024-08-14 15:50:13 [http-nio-8080-exec-2] DEBUG c.s.s.Controller.ProductController - Received a request to delete a product
2024-08-14 15:50:13 [http-nio-8080-exec-2] INFO  c.s.s.Controller.ProductController - Product deleted successfully with ID: 28
2024-08-14 15:50:26 [http-nio-8080-exec-4] DEBUG c.s.s.Controller.ProductController - Received a request to delete a product
2024-08-14 15:50:26 [http-nio-8080-exec-4] INFO  c.s.s.Controller.ProductController - Product deleted successfully with ID: 7
2024-08-14 15:50:27 [http-nio-8080-exec-6] DEBUG c.s.s.Controller.ProductController - Received a request to delete a product
2024-08-14 15:50:27 [http-nio-8080-exec-6] INFO  c.s.s.Controller.ProductController - Product deleted successfully with ID: 24
2024-08-14 15:54:52 [http-nio-8080-exec-8] DEBUG c.s.s.Controller.ProductController - Received a request to retrive a products
2024-08-14 15:54:52 [http-nio-8080-exec-8] INFO  c.s.s.Controller.ProductController - Products retrieved successfully!!
2024-08-14 15:56:57 [http-nio-8080-exec-10] DEBUG c.s.s.Controller.ProductController - Received a request to retrive a products
2024-08-14 15:56:57 [http-nio-8080-exec-10] INFO  c.s.s.Controller.ProductController - Products retrieved successfully!!
2024-08-14 15:57:08 [http-nio-8080-exec-1] DEBUG c.s.s.Controller.ProductController - Received a request to retrive a products
2024-08-14 15:57:08 [http-nio-8080-exec-1] INFO  c.s.s.Controller.ProductController - Products retrieved successfully!!
2024-08-14 15:57:49 [http-nio-8080-exec-2] DEBUG c.s.s.Controller.ProductController - Request to add a product
2024-08-14 15:57:49 [http-nio-8080-exec-2] INFO  c.s.s.Controller.ProductController - Product added successfully: Iphone
2024-08-14 15:58:16 [http-nio-8080-exec-3] DEBUG c.s.s.Controller.ProductController - Request to add a product
2024-08-14 15:58:16 [http-nio-8080-exec-3] INFO  c.s.s.Controller.ProductController - Product added successfully: Nothing
2024-08-14 15:58:52 [http-nio-8080-exec-4] DEBUG c.s.s.Controller.ProductController - Received a request to retrive a products
2024-08-14 15:58:52 [http-nio-8080-exec-4] INFO  c.s.s.Controller.ProductController - Products retrieved successfully!!
2024-08-14 15:58:56 [http-nio-8080-exec-6] DEBUG c.s.s.Controller.ProductController - Received a request to delete a product
2024-08-14 15:58:56 [http-nio-8080-exec-6] INFO  c.s.s.Controller.ProductController - Product deleted successfully with ID: 34
2024-08-14 16:06:17 [http-nio-8080-exec-8] DEBUG c.s.s.Controller.ProductController - Received a request to retrive a products
2024-08-14 16:06:17 [http-nio-8080-exec-8] INFO  c.s.s.Controller.ProductController - Products retrieved successfully!!
2024-08-14 16:13:44 [http-nio-8080-exec-1] DEBUG c.s.s.Controller.ProductController - Received a request to delete a product
2024-08-14 16:13:44 [http-nio-8080-exec-1] INFO  c.s.s.Controller.ProductController - Product deleted successfully with ID: 36
