2024-09-10 16:44:53 [restartedMain] INFO  c.s.s.SpringbootprojectApplication - Starting SpringbootprojectApplication using Java 11.0.24 on remiges with PID 121821 (/home/ifrahj/Documents/javalearning/Ecommerce/ecommercebackend/springbootproject/target/classes started by ifrahj in /home/ifrahj/Documents/javalearning/Ecommerce/ecommercebackend)
2024-09-10 16:44:53 [restartedMain] INFO  c.s.s.SpringbootprojectApplication - No active profile set, falling back to default profiles: default
2024-09-10 16:44:53 [restartedMain] INFO  o.s.b.d.e.DevToolsPropertyDefaultsPostProcessor - Devtools property defaults active! Set 'spring.devtools.add-properties' to 'false' to disable
2024-09-10 16:44:53 [restartedMain] INFO  o.s.b.d.e.DevToolsPropertyDefaultsPostProcessor - For additional web related logging consider setting the 'logging.level.web' property to 'DEBUG'
2024-09-10 16:44:54 [restartedMain] INFO  o.s.d.r.c.RepositoryConfigurationDelegate - Bootstrapping Spring Data JPA repositories in DEFAULT mode.
2024-09-10 16:44:54 [restartedMain] INFO  o.s.d.r.c.RepositoryConfigurationDelegate - Finished Spring Data repository scanning in 42 ms. Found 4 JPA repository interfaces.
2024-09-10 16:44:54 [restartedMain] INFO  o.s.b.w.e.tomcat.TomcatWebServer - Tomcat initialized with port(s): 9090 (http)
2024-09-10 16:44:54 [restartedMain] INFO  o.a.coyote.http11.Http11NioProtocol - Initializing ProtocolHandler ["http-nio-9090"]
2024-09-10 16:44:54 [restartedMain] INFO  o.a.catalina.core.StandardService - Starting service [Tomcat]
2024-09-10 16:44:54 [restartedMain] INFO  o.a.catalina.core.StandardEngine - Starting Servlet engine: [Apache Tomcat/9.0.53]
2024-09-10 16:44:54 [restartedMain] INFO  o.a.c.core.AprLifecycleListener - Loaded Apache Tomcat Native library [1.2.31] using APR version [1.7.0].
2024-09-10 16:44:54 [restartedMain] INFO  o.a.c.core.AprLifecycleListener - APR capabilities: IPv6 [true], sendfile [true], accept filters [false], random [true], UDS [true].
2024-09-10 16:44:54 [restartedMain] INFO  o.a.c.core.AprLifecycleListener - APR/OpenSSL configuration: useAprConnector [false], useOpenSSL [true]
2024-09-10 16:44:54 [restartedMain] INFO  o.a.c.core.AprLifecycleListener - OpenSSL successfully initialized [OpenSSL 3.0.2 15 Mar 2022]
2024-09-10 16:44:55 [restartedMain] INFO  o.a.c.c.C.[Tomcat].[localhost].[/] - Initializing Spring embedded WebApplicationContext
2024-09-10 16:44:55 [restartedMain] INFO  o.s.b.w.s.c.ServletWebServerApplicationContext - Root WebApplicationContext: initialization completed in 1212 ms
2024-09-10 16:44:55 [restartedMain] INFO  o.h.jpa.internal.util.LogHelper - HHH000204: Processing PersistenceUnitInfo [name: default]
2024-09-10 16:44:55 [restartedMain] INFO  org.hibernate.Version - HHH000412: Hibernate ORM core version 5.4.32.Final
2024-09-10 16:44:55 [restartedMain] INFO  o.h.annotations.common.Version - HCANN000001: Hibernate Commons Annotations {5.1.2.Final}
2024-09-10 16:44:55 [restartedMain] INFO  com.zaxxer.hikari.HikariDataSource - HikariPool-1 - Starting...
2024-09-10 16:44:55 [restartedMain] INFO  com.zaxxer.hikari.HikariDataSource - HikariPool-1 - Start completed.
2024-09-10 16:44:55 [restartedMain] INFO  org.hibernate.dialect.Dialect - HHH000400: Using dialect: org.hibernate.dialect.PostgreSQLDialect
2024-09-10 16:44:56 [restartedMain] INFO  o.h.e.t.j.p.i.JtaPlatformInitiator - HHH000490: Using JtaPlatform implementation: [org.hibernate.engine.transaction.jta.platform.internal.NoJtaPlatform]
2024-09-10 16:44:56 [restartedMain] INFO  o.s.o.j.LocalContainerEntityManagerFactoryBean - Initialized JPA EntityManagerFactory for persistence unit 'default'
2024-09-10 16:44:56 [restartedMain] WARN  o.s.b.a.o.j.JpaBaseConfiguration$JpaWebConfiguration - spring.jpa.open-in-view is enabled by default. Therefore, database queries may be performed during view rendering. Explicitly configure spring.jpa.open-in-view to disable this warning
2024-09-10 16:44:57 [restartedMain] INFO  o.s.b.d.a.OptionalLiveReloadServer - LiveReload server is running on port 35729
2024-09-10 16:44:57 [restartedMain] INFO  o.a.coyote.http11.Http11NioProtocol - Starting ProtocolHandler ["http-nio-9090"]
2024-09-10 16:44:57 [restartedMain] INFO  o.s.b.w.e.tomcat.TomcatWebServer - Tomcat started on port(s): 9090 (http) with context path ''
2024-09-10 16:44:57 [restartedMain] INFO  c.s.s.SpringbootprojectApplication - Started SpringbootprojectApplication in 3.873 seconds (JVM running for 4.143)
2024-09-10 16:45:12 [http-nio-9090-exec-1] INFO  o.a.c.c.C.[Tomcat].[localhost].[/] - Initializing Spring DispatcherServlet 'dispatcherServlet'
2024-09-10 16:45:12 [http-nio-9090-exec-1] INFO  o.s.web.servlet.DispatcherServlet - Initializing Servlet 'dispatcherServlet'
2024-09-10 16:45:12 [http-nio-9090-exec-1] INFO  o.s.web.servlet.DispatcherServlet - Completed initialization in 1 ms
2024-09-10 16:45:12 [http-nio-9090-exec-1] DEBUG c.s.s.Controller.ProductController - Received a request to retrive a products
2024-09-10 16:45:12 [http-nio-9090-exec-1] INFO  c.s.s.Controller.ProductController - Products retrieved successfully!!
2024-09-10 16:45:15 [http-nio-9090-exec-2] DEBUG c.s.s.Controller.ProductController - Received a request to retrive a product with Id 58
2024-09-10 16:45:15 [http-nio-9090-exec-2] INFO  c.s.s.Controller.ProductController - Product with ID: 58 retrieved successfully
2024-09-10 16:47:42 [http-nio-9090-exec-4] DEBUG c.s.s.Controller.ProductController - Received a request to retrive a products
2024-09-10 16:47:42 [http-nio-9090-exec-4] INFO  c.s.s.Controller.ProductController - Products retrieved successfully!!
2024-09-10 16:47:47 [http-nio-9090-exec-5] DEBUG c.s.s.Controller.ProductController - Received a request to retrive a product with Id 60
2024-09-10 16:47:47 [http-nio-9090-exec-5] INFO  c.s.s.Controller.ProductController - Product with ID: 60 retrieved successfully
2024-09-10 16:47:52 [http-nio-9090-exec-6] DEBUG c.s.s.Controller.ProductController - Received a request to retrive a products
2024-09-10 16:47:52 [http-nio-9090-exec-6] INFO  c.s.s.Controller.ProductController - Products retrieved successfully!!
2024-09-10 16:47:54 [http-nio-9090-exec-7] DEBUG c.s.s.Controller.ProductController - Received a request to retrive a product with Id 58
2024-09-10 16:47:54 [http-nio-9090-exec-7] INFO  c.s.s.Controller.ProductController - Product with ID: 58 retrieved successfully
2024-09-10 16:48:40 [http-nio-9090-exec-8] DEBUG c.s.s.Controller.ProductController - Received a request to retrive a products
2024-09-10 16:48:40 [http-nio-9090-exec-8] INFO  c.s.s.Controller.ProductController - Products retrieved successfully!!
2024-09-10 16:48:47 [http-nio-9090-exec-9] DEBUG c.s.s.Controller.ProductController - Received a request to retrive a product with Id 58
2024-09-10 16:48:47 [http-nio-9090-exec-9] INFO  c.s.s.Controller.ProductController - Product with ID: 58 retrieved successfully
2024-09-10 16:49:21 [http-nio-9090-exec-10] DEBUG c.s.s.Controller.ProductController - Received a request to retrive a products
2024-09-10 16:49:21 [http-nio-9090-exec-10] INFO  c.s.s.Controller.ProductController - Products retrieved successfully!!
2024-09-10 16:56:04 [http-nio-9090-exec-2] DEBUG c.s.s.Controller.ProductController - Received a request to retrive a product with Id 60
2024-09-10 16:56:04 [http-nio-9090-exec-2] INFO  c.s.s.Controller.ProductController - Product with ID: 60 retrieved successfully
2024-09-10 17:07:24 [http-nio-9090-exec-4] DEBUG c.s.s.Controller.ProductController - Received a request to retrive a products
2024-09-10 17:07:24 [http-nio-9090-exec-4] INFO  c.s.s.Controller.ProductController - Products retrieved successfully!!
2024-09-10 17:07:44 [http-nio-9090-exec-5] DEBUG c.s.s.Controller.ProductController - Received a request to retrive a product with Id 58
2024-09-10 17:07:44 [http-nio-9090-exec-5] INFO  c.s.s.Controller.ProductController - Product with ID: 58 retrieved successfully
2024-09-10 17:39:43 [http-nio-9090-exec-7] DEBUG c.s.s.Controller.ProductController - Received a request to retrive a products
2024-09-10 17:39:43 [http-nio-9090-exec-7] INFO  c.s.s.Controller.ProductController - Products retrieved successfully!!
2024-09-10 17:39:44 [http-nio-9090-exec-8] DEBUG c.s.s.Controller.ProductController - Received a request to retrive a product with Id 60
2024-09-10 17:39:44 [http-nio-9090-exec-8] INFO  c.s.s.Controller.ProductController - Product with ID: 60 retrieved successfully
2024-09-10 17:41:35 [http-nio-9090-exec-10] DEBUG c.s.s.Controller.ProductController - Received a request to retrive a products
2024-09-10 17:41:35 [http-nio-9090-exec-10] INFO  c.s.s.Controller.ProductController - Products retrieved successfully!!
2024-09-10 17:41:44 [http-nio-9090-exec-1] DEBUG c.s.s.Controller.ProductController - Received a request to retrive a product with Id 60
2024-09-10 17:41:44 [http-nio-9090-exec-1] INFO  c.s.s.Controller.ProductController - Product with ID: 60 retrieved successfully
2024-09-10 17:56:38 [http-nio-9090-exec-4] DEBUG c.s.s.Controller.ProductController - Received a request to retrive a product with Id 5
2024-09-10 17:56:38 [http-nio-9090-exec-4] ERROR c.s.s.utility.LoggingErrorUtility - Product not found : Product Not Found with product id: 5
2024-09-10 17:56:38 [http-nio-9090-exec-4] WARN  o.s.w.s.m.m.a.ExceptionHandlerExceptionResolver - Resolved [com.springbootproject.springbootproject.Exception.ProductNotFoundException: Product Not Found with product id: 5]
2024-09-10 17:56:47 [http-nio-9090-exec-5] DEBUG c.s.s.Controller.ProductController - Received a request to retrive a product with Id 60
2024-09-10 17:56:47 [http-nio-9090-exec-5] INFO  c.s.s.Controller.ProductController - Product with ID: 60 retrieved successfully
2024-09-10 18:39:53 [http-nio-9090-exec-7] DEBUG c.s.s.Controller.ProductController - Received a request to retrive a products
2024-09-10 18:39:53 [http-nio-9090-exec-7] INFO  c.s.s.Controller.ProductController - Products retrieved successfully!!
2024-09-10 18:40:47 [SpringApplicationShutdownHook] INFO  o.s.o.j.LocalContainerEntityManagerFactoryBean - Closing JPA EntityManagerFactory for persistence unit 'default'
2024-09-10 18:40:47 [SpringApplicationShutdownHook] INFO  com.zaxxer.hikari.HikariDataSource - HikariPool-1 - Shutdown initiated...
2024-09-10 18:40:47 [SpringApplicationShutdownHook] INFO  com.zaxxer.hikari.HikariDataSource - HikariPool-1 - Shutdown completed.
