2024-09-12 00:44:51 [http-nio-9090-exec-4] DEBUG c.s.s.Controller.ProductController - Received a request to retrive a products
2024-09-12 00:44:51 [http-nio-9090-exec-4] INFO  c.s.s.Controller.ProductController - Products retrieved successfully!!
2024-09-12 00:44:57 [http-nio-9090-exec-5] DEBUG c.s.s.Controller.ProductController - Received a request to retrive a product with Id 60
2024-09-12 00:44:57 [http-nio-9090-exec-5] INFO  c.s.s.Controller.ProductController - Product with ID: 60 retrieved successfully
2024-09-12 00:45:04 [http-nio-9090-exec-6] DEBUG c.s.s.Controller.ProductController - Received a request to retrive a products
2024-09-12 00:45:04 [http-nio-9090-exec-6] INFO  c.s.s.Controller.ProductController - Products retrieved successfully!!
2024-09-12 00:45:06 [http-nio-9090-exec-7] DEBUG c.s.s.Controller.ProductController - Received a request to retrive a products
2024-09-12 00:45:06 [http-nio-9090-exec-7] INFO  c.s.s.Controller.ProductController - Products retrieved successfully!!
2024-09-12 00:45:08 [http-nio-9090-exec-8] DEBUG c.s.s.Controller.ProductController - Received a request to retrive a product with Id 60
2024-09-12 00:45:08 [http-nio-9090-exec-8] INFO  c.s.s.Controller.ProductController - Product with ID: 60 retrieved successfully
2024-09-12 00:45:32 [http-nio-9090-exec-9] DEBUG c.s.s.Controller.ProductController - Received a request to retrive a products
2024-09-12 00:45:32 [http-nio-9090-exec-9] INFO  c.s.s.Controller.ProductController - Products retrieved successfully!!
2024-09-12 00:45:34 [http-nio-9090-exec-10] DEBUG c.s.s.Controller.ProductController - Received a request to retrive a product with Id 60
2024-09-12 00:45:34 [http-nio-9090-exec-10] INFO  c.s.s.Controller.ProductController - Product with ID: 60 retrieved successfully
2024-09-12 13:18:18 [SpringApplicationShutdownHook] INFO  o.s.o.j.LocalContainerEntityManagerFactoryBean - Closing JPA EntityManagerFactory for persistence unit 'default'
2024-09-12 13:18:18 [SpringApplicationShutdownHook] INFO  com.zaxxer.hikari.HikariDataSource - HikariPool-1 - Shutdown initiated...
2024-09-12 13:18:18 [SpringApplicationShutdownHook] INFO  com.zaxxer.hikari.HikariDataSource - HikariPool-1 - Shutdown completed.
2024-09-12 21:38:01 [restartedMain] INFO  c.s.s.SpringbootprojectApplication - Starting SpringbootprojectApplication using Java 11.0.24 on remiges with PID 508797 (/home/ifrahj/Documents/javalearning/Ecommerce/ecommercebackend/springbootproject/target/classes started by ifrahj in /home/ifrahj/Documents/javalearning/Ecommerce/ecommercebackend)
2024-09-12 21:38:01 [restartedMain] INFO  c.s.s.SpringbootprojectApplication - No active profile set, falling back to default profiles: default
2024-09-12 21:38:01 [restartedMain] INFO  o.s.b.d.e.DevToolsPropertyDefaultsPostProcessor - Devtools property defaults active! Set 'spring.devtools.add-properties' to 'false' to disable
2024-09-12 21:38:01 [restartedMain] INFO  o.s.b.d.e.DevToolsPropertyDefaultsPostProcessor - For additional web related logging consider setting the 'logging.level.web' property to 'DEBUG'
2024-09-12 21:38:01 [restartedMain] INFO  o.s.d.r.c.RepositoryConfigurationDelegate - Bootstrapping Spring Data JPA repositories in DEFAULT mode.
2024-09-12 21:38:01 [restartedMain] INFO  o.s.d.r.c.RepositoryConfigurationDelegate - Finished Spring Data repository scanning in 56 ms. Found 5 JPA repository interfaces.
2024-09-12 21:38:02 [restartedMain] INFO  o.s.b.w.e.tomcat.TomcatWebServer - Tomcat initialized with port(s): 9090 (http)
2024-09-12 21:38:02 [restartedMain] INFO  o.a.coyote.http11.Http11NioProtocol - Initializing ProtocolHandler ["http-nio-9090"]
2024-09-12 21:38:02 [restartedMain] INFO  o.a.catalina.core.StandardService - Starting service [Tomcat]
2024-09-12 21:38:02 [restartedMain] INFO  o.a.catalina.core.StandardEngine - Starting Servlet engine: [Apache Tomcat/9.0.53]
2024-09-12 21:38:02 [restartedMain] INFO  o.a.c.core.AprLifecycleListener - Loaded Apache Tomcat Native library [1.2.31] using APR version [1.7.0].
2024-09-12 21:38:02 [restartedMain] INFO  o.a.c.core.AprLifecycleListener - APR capabilities: IPv6 [true], sendfile [true], accept filters [false], random [true], UDS [true].
2024-09-12 21:38:02 [restartedMain] INFO  o.a.c.core.AprLifecycleListener - APR/OpenSSL configuration: useAprConnector [false], useOpenSSL [true]
2024-09-12 21:38:02 [restartedMain] INFO  o.a.c.core.AprLifecycleListener - OpenSSL successfully initialized [OpenSSL 3.0.2 15 Mar 2022]
2024-09-12 21:38:02 [restartedMain] INFO  o.a.c.c.C.[Tomcat].[localhost].[/] - Initializing Spring embedded WebApplicationContext
2024-09-12 21:38:02 [restartedMain] INFO  o.s.b.w.s.c.ServletWebServerApplicationContext - Root WebApplicationContext: initialization completed in 1114 ms
2024-09-12 21:38:02 [restartedMain] INFO  o.h.jpa.internal.util.LogHelper - HHH000204: Processing PersistenceUnitInfo [name: default]
2024-09-12 21:38:02 [restartedMain] INFO  org.hibernate.Version - HHH000412: Hibernate ORM core version 5.4.32.Final
2024-09-12 21:38:02 [restartedMain] INFO  o.h.annotations.common.Version - HCANN000001: Hibernate Commons Annotations {5.1.2.Final}
2024-09-12 21:38:02 [restartedMain] INFO  com.zaxxer.hikari.HikariDataSource - HikariPool-1 - Starting...
2024-09-12 21:38:02 [restartedMain] INFO  com.zaxxer.hikari.HikariDataSource - HikariPool-1 - Start completed.
2024-09-12 21:38:02 [restartedMain] INFO  org.hibernate.dialect.Dialect - HHH000400: Using dialect: org.hibernate.dialect.PostgreSQLDialect
2024-09-12 21:38:03 [restartedMain] INFO  o.h.e.t.j.p.i.JtaPlatformInitiator - HHH000490: Using JtaPlatform implementation: [org.hibernate.engine.transaction.jta.platform.internal.NoJtaPlatform]
2024-09-12 21:38:03 [restartedMain] INFO  o.s.o.j.LocalContainerEntityManagerFactoryBean - Initialized JPA EntityManagerFactory for persistence unit 'default'
2024-09-12 21:38:03 [restartedMain] WARN  o.s.b.a.o.j.JpaBaseConfiguration$JpaWebConfiguration - spring.jpa.open-in-view is enabled by default. Therefore, database queries may be performed during view rendering. Explicitly configure spring.jpa.open-in-view to disable this warning
2024-09-12 21:38:03 [restartedMain] INFO  o.s.b.d.a.OptionalLiveReloadServer - LiveReload server is running on port 35729
2024-09-12 21:38:03 [restartedMain] INFO  o.a.coyote.http11.Http11NioProtocol - Starting ProtocolHandler ["http-nio-9090"]
2024-09-12 21:38:03 [restartedMain] INFO  o.s.b.w.e.tomcat.TomcatWebServer - Tomcat started on port(s): 9090 (http) with context path ''
2024-09-12 21:38:03 [restartedMain] INFO  c.s.s.SpringbootprojectApplication - Started SpringbootprojectApplication in 3.119 seconds (JVM running for 3.431)
2024-09-12 21:39:49 [Thread-5] INFO  o.s.o.j.LocalContainerEntityManagerFactoryBean - Closing JPA EntityManagerFactory for persistence unit 'default'
2024-09-12 21:39:49 [Thread-5] INFO  com.zaxxer.hikari.HikariDataSource - HikariPool-1 - Shutdown initiated...
2024-09-12 21:39:49 [Thread-5] INFO  com.zaxxer.hikari.HikariDataSource - HikariPool-1 - Shutdown completed.
2024-09-12 21:39:49 [restartedMain] INFO  c.s.s.SpringbootprojectApplication - Starting SpringbootprojectApplication using Java 11.0.24 on remiges with PID 508797 (/home/ifrahj/Documents/javalearning/Ecommerce/ecommercebackend/springbootproject/target/classes started by ifrahj in /home/ifrahj/Documents/javalearning/Ecommerce/ecommercebackend)
2024-09-12 21:39:49 [restartedMain] INFO  c.s.s.SpringbootprojectApplication - No active profile set, falling back to default profiles: default
2024-09-12 21:39:49 [restartedMain] INFO  o.s.d.r.c.RepositoryConfigurationDelegate - Bootstrapping Spring Data JPA repositories in DEFAULT mode.
2024-09-12 21:39:49 [restartedMain] INFO  o.s.d.r.c.RepositoryConfigurationDelegate - Finished Spring Data repository scanning in 15 ms. Found 5 JPA repository interfaces.
2024-09-12 21:39:49 [restartedMain] INFO  o.s.b.w.e.tomcat.TomcatWebServer - Tomcat initialized with port(s): 9090 (http)
2024-09-12 21:39:49 [restartedMain] INFO  o.a.coyote.http11.Http11NioProtocol - Initializing ProtocolHandler ["http-nio-9090"]
2024-09-12 21:39:49 [restartedMain] INFO  o.a.catalina.core.StandardService - Starting service [Tomcat]
2024-09-12 21:39:49 [restartedMain] INFO  o.a.catalina.core.StandardEngine - Starting Servlet engine: [Apache Tomcat/9.0.53]
2024-09-12 21:39:49 [restartedMain] INFO  o.a.c.core.AprLifecycleListener - Loaded Apache Tomcat Native library [1.2.31] using APR version [1.7.0].
2024-09-12 21:39:49 [restartedMain] INFO  o.a.c.core.AprLifecycleListener - APR capabilities: IPv6 [true], sendfile [true], accept filters [false], random [true], UDS [true].
2024-09-12 21:39:49 [restartedMain] INFO  o.a.c.core.AprLifecycleListener - APR/OpenSSL configuration: useAprConnector [false], useOpenSSL [true]
2024-09-12 21:39:49 [restartedMain] INFO  o.a.c.core.AprLifecycleListener - OpenSSL successfully initialized [OpenSSL 3.0.2 15 Mar 2022]
2024-09-12 21:39:49 [restartedMain] INFO  o.a.c.c.C.[Tomcat].[localhost].[/] - Initializing Spring embedded WebApplicationContext
2024-09-12 21:39:49 [restartedMain] INFO  o.s.b.w.s.c.ServletWebServerApplicationContext - Root WebApplicationContext: initialization completed in 264 ms
2024-09-12 21:39:49 [restartedMain] INFO  o.h.jpa.internal.util.LogHelper - HHH000204: Processing PersistenceUnitInfo [name: default]
2024-09-12 21:39:49 [restartedMain] INFO  com.zaxxer.hikari.HikariDataSource - HikariPool-2 - Starting...
2024-09-12 21:39:49 [restartedMain] INFO  com.zaxxer.hikari.HikariDataSource - HikariPool-2 - Start completed.
2024-09-12 21:39:49 [restartedMain] INFO  org.hibernate.dialect.Dialect - HHH000400: Using dialect: org.hibernate.dialect.PostgreSQLDialect
2024-09-12 21:39:50 [restartedMain] INFO  o.h.e.t.j.p.i.JtaPlatformInitiator - HHH000490: Using JtaPlatform implementation: [org.hibernate.engine.transaction.jta.platform.internal.NoJtaPlatform]
2024-09-12 21:39:50 [restartedMain] INFO  o.s.o.j.LocalContainerEntityManagerFactoryBean - Initialized JPA EntityManagerFactory for persistence unit 'default'
2024-09-12 21:39:50 [restartedMain] WARN  o.s.b.a.o.j.JpaBaseConfiguration$JpaWebConfiguration - spring.jpa.open-in-view is enabled by default. Therefore, database queries may be performed during view rendering. Explicitly configure spring.jpa.open-in-view to disable this warning
2024-09-12 21:39:50 [restartedMain] INFO  o.s.b.d.a.OptionalLiveReloadServer - LiveReload server is running on port 35729
2024-09-12 21:39:50 [restartedMain] INFO  o.a.coyote.http11.Http11NioProtocol - Starting ProtocolHandler ["http-nio-9090"]
2024-09-12 21:39:50 [restartedMain] INFO  o.s.b.w.e.tomcat.TomcatWebServer - Tomcat started on port(s): 9090 (http) with context path ''
2024-09-12 21:39:50 [restartedMain] INFO  c.s.s.SpringbootprojectApplication - Started SpringbootprojectApplication in 0.768 seconds (JVM running for 109.811)
2024-09-12 21:39:50 [restartedMain] INFO  o.s.b.d.a.ConditionEvaluationDeltaLoggingListener - Condition evaluation unchanged
2024-09-12 21:43:37 [http-nio-9090-exec-2] INFO  o.a.c.c.C.[Tomcat].[localhost].[/] - Initializing Spring DispatcherServlet 'dispatcherServlet'
2024-09-12 21:43:37 [http-nio-9090-exec-2] INFO  o.s.web.servlet.DispatcherServlet - Initializing Servlet 'dispatcherServlet'
2024-09-12 21:43:37 [http-nio-9090-exec-2] INFO  o.s.web.servlet.DispatcherServlet - Completed initialization in 1 ms
2024-09-12 21:43:37 [http-nio-9090-exec-2] WARN  o.s.w.s.m.m.a.ExceptionHandlerExceptionResolver - Resolved [org.springframework.web.multipart.MultipartException: Failed to parse multipart servlet request; nested exception is java.io.IOException: org.apache.tomcat.util.http.fileupload.FileUploadException: the request was rejected because no multipart boundary was found]
2024-09-12 21:45:26 [http-nio-9090-exec-3] DEBUG c.s.s.Controller.ProductController - Received a request to retrive a products
2024-09-12 21:45:26 [http-nio-9090-exec-3] INFO  c.s.s.Controller.ProductController - Products retrieved successfully!!
2024-09-12 21:45:29 [http-nio-9090-exec-4] DEBUG c.s.s.Controller.ProductController - Received a request to retrive a products
2024-09-12 21:45:29 [http-nio-9090-exec-4] INFO  c.s.s.Controller.ProductController - Products retrieved successfully!!
2024-09-12 21:45:55 [http-nio-9090-exec-5] ERROR c.s.s.utility.LoggingErrorUtility - Unexpected error occurred
2024-09-12 21:45:55 [http-nio-9090-exec-5] WARN  o.s.w.s.m.m.a.ExceptionHandlerExceptionResolver - Resolved [org.springframework.web.HttpMediaTypeNotSupportedException: Content type 'multipart/form-data;boundary=----WebKitFormBoundaryxNO4AOar2sjli6BI;charset=UTF-8' not supported]
2024-09-12 21:46:37 [SpringApplicationShutdownHook] INFO  o.s.o.j.LocalContainerEntityManagerFactoryBean - Closing JPA EntityManagerFactory for persistence unit 'default'
2024-09-12 21:46:37 [SpringApplicationShutdownHook] INFO  com.zaxxer.hikari.HikariDataSource - HikariPool-2 - Shutdown initiated...
2024-09-12 21:46:37 [SpringApplicationShutdownHook] INFO  com.zaxxer.hikari.HikariDataSource - HikariPool-2 - Shutdown completed.
2024-09-12 21:52:39 [restartedMain] INFO  c.s.s.SpringbootprojectApplication - Starting SpringbootprojectApplication using Java 11.0.24 on remiges with PID 519698 (/home/ifrahj/Documents/javalearning/Ecommerce/ecommercebackend/springbootproject/target/classes started by ifrahj in /home/ifrahj/Documents/javalearning/Ecommerce/ecommercebackend)
2024-09-12 21:52:39 [restartedMain] INFO  c.s.s.SpringbootprojectApplication - No active profile set, falling back to default profiles: default
2024-09-12 21:52:39 [restartedMain] INFO  o.s.b.d.e.DevToolsPropertyDefaultsPostProcessor - Devtools property defaults active! Set 'spring.devtools.add-properties' to 'false' to disable
2024-09-12 21:52:39 [restartedMain] INFO  o.s.b.d.e.DevToolsPropertyDefaultsPostProcessor - For additional web related logging consider setting the 'logging.level.web' property to 'DEBUG'
2024-09-12 21:52:40 [restartedMain] INFO  o.s.d.r.c.RepositoryConfigurationDelegate - Bootstrapping Spring Data JPA repositories in DEFAULT mode.
2024-09-12 21:52:40 [restartedMain] INFO  o.s.d.r.c.RepositoryConfigurationDelegate - Finished Spring Data repository scanning in 36 ms. Found 5 JPA repository interfaces.
2024-09-12 21:52:40 [restartedMain] INFO  o.s.b.w.e.tomcat.TomcatWebServer - Tomcat initialized with port(s): 9090 (http)
2024-09-12 21:52:40 [restartedMain] INFO  o.a.coyote.http11.Http11NioProtocol - Initializing ProtocolHandler ["http-nio-9090"]
2024-09-12 21:52:40 [restartedMain] INFO  o.a.catalina.core.StandardService - Starting service [Tomcat]
2024-09-12 21:52:40 [restartedMain] INFO  o.a.catalina.core.StandardEngine - Starting Servlet engine: [Apache Tomcat/9.0.53]
2024-09-12 21:52:40 [restartedMain] INFO  o.a.c.core.AprLifecycleListener - Loaded Apache Tomcat Native library [1.2.31] using APR version [1.7.0].
2024-09-12 21:52:40 [restartedMain] INFO  o.a.c.core.AprLifecycleListener - APR capabilities: IPv6 [true], sendfile [true], accept filters [false], random [true], UDS [true].
2024-09-12 21:52:40 [restartedMain] INFO  o.a.c.core.AprLifecycleListener - APR/OpenSSL configuration: useAprConnector [false], useOpenSSL [true]
2024-09-12 21:52:40 [restartedMain] INFO  o.a.c.core.AprLifecycleListener - OpenSSL successfully initialized [OpenSSL 3.0.2 15 Mar 2022]
2024-09-12 21:52:40 [restartedMain] INFO  o.a.c.c.C.[Tomcat].[localhost].[/] - Initializing Spring embedded WebApplicationContext
2024-09-12 21:52:40 [restartedMain] INFO  o.s.b.w.s.c.ServletWebServerApplicationContext - Root WebApplicationContext: initialization completed in 860 ms
2024-09-12 21:52:40 [restartedMain] INFO  o.h.jpa.internal.util.LogHelper - HHH000204: Processing PersistenceUnitInfo [name: default]
2024-09-12 21:52:40 [restartedMain] INFO  org.hibernate.Version - HHH000412: Hibernate ORM core version 5.4.32.Final
2024-09-12 21:52:41 [restartedMain] INFO  o.h.annotations.common.Version - HCANN000001: Hibernate Commons Annotations {5.1.2.Final}
2024-09-12 21:52:41 [restartedMain] INFO  com.zaxxer.hikari.HikariDataSource - HikariPool-1 - Starting...
2024-09-12 21:52:41 [restartedMain] INFO  com.zaxxer.hikari.HikariDataSource - HikariPool-1 - Start completed.
2024-09-12 21:52:41 [restartedMain] INFO  org.hibernate.dialect.Dialect - HHH000400: Using dialect: org.hibernate.dialect.PostgreSQLDialect
2024-09-12 21:52:41 [restartedMain] INFO  o.h.e.t.j.p.i.JtaPlatformInitiator - HHH000490: Using JtaPlatform implementation: [org.hibernate.engine.transaction.jta.platform.internal.NoJtaPlatform]
2024-09-12 21:52:41 [restartedMain] INFO  o.s.o.j.LocalContainerEntityManagerFactoryBean - Initialized JPA EntityManagerFactory for persistence unit 'default'
2024-09-12 21:52:42 [restartedMain] WARN  o.s.b.a.o.j.JpaBaseConfiguration$JpaWebConfiguration - spring.jpa.open-in-view is enabled by default. Therefore, database queries may be performed during view rendering. Explicitly configure spring.jpa.open-in-view to disable this warning
2024-09-12 21:52:42 [restartedMain] INFO  o.s.b.d.a.OptionalLiveReloadServer - LiveReload server is running on port 35729
2024-09-12 21:52:42 [restartedMain] INFO  o.a.coyote.http11.Http11NioProtocol - Starting ProtocolHandler ["http-nio-9090"]
2024-09-12 21:52:42 [restartedMain] INFO  o.s.b.w.e.tomcat.TomcatWebServer - Tomcat started on port(s): 9090 (http) with context path ''
2024-09-12 21:52:42 [restartedMain] INFO  c.s.s.SpringbootprojectApplication - Started SpringbootprojectApplication in 3.033 seconds (JVM running for 3.309)
2024-09-12 21:52:49 [http-nio-9090-exec-1] INFO  o.a.c.c.C.[Tomcat].[localhost].[/] - Initializing Spring DispatcherServlet 'dispatcherServlet'
2024-09-12 21:52:49 [http-nio-9090-exec-1] INFO  o.s.web.servlet.DispatcherServlet - Initializing Servlet 'dispatcherServlet'
2024-09-12 21:52:49 [http-nio-9090-exec-1] INFO  o.s.web.servlet.DispatcherServlet - Completed initialization in 1 ms
2024-09-12 21:52:49 [http-nio-9090-exec-1] ERROR c.s.s.utility.LoggingErrorUtility - Unexpected error occurred
2024-09-12 21:52:49 [http-nio-9090-exec-1] WARN  o.s.w.s.m.m.a.ExceptionHandlerExceptionResolver - Resolved [org.springframework.web.HttpMediaTypeNotSupportedException: Content type 'multipart/form-data;boundary=----WebKitFormBoundary8V0AqO0SlKI5upUu;charset=UTF-8' not supported]
2024-09-12 21:56:00 [http-nio-9090-exec-2] ERROR c.s.s.utility.LoggingErrorUtility - Unexpected error occurred
2024-09-12 21:56:00 [http-nio-9090-exec-2] WARN  o.s.w.s.m.m.a.ExceptionHandlerExceptionResolver - Resolved [org.springframework.web.HttpMediaTypeNotSupportedException: Content type 'multipart/form-data;boundary=----WebKitFormBoundaryX4rOaewOSnJoNtJY;charset=UTF-8' not supported]
2024-09-12 21:57:42 [Thread-5] INFO  o.s.o.j.LocalContainerEntityManagerFactoryBean - Closing JPA EntityManagerFactory for persistence unit 'default'
2024-09-12 21:57:42 [Thread-5] INFO  com.zaxxer.hikari.HikariDataSource - HikariPool-1 - Shutdown initiated...
2024-09-12 21:57:42 [Thread-5] INFO  com.zaxxer.hikari.HikariDataSource - HikariPool-1 - Shutdown completed.
2024-09-12 21:57:42 [restartedMain] INFO  c.s.s.SpringbootprojectApplication - Starting SpringbootprojectApplication using Java 11.0.24 on remiges with PID 519698 (/home/ifrahj/Documents/javalearning/Ecommerce/ecommercebackend/springbootproject/target/classes started by ifrahj in /home/ifrahj/Documents/javalearning/Ecommerce/ecommercebackend)
2024-09-12 21:57:42 [restartedMain] INFO  c.s.s.SpringbootprojectApplication - No active profile set, falling back to default profiles: default
2024-09-12 21:57:42 [restartedMain] INFO  o.s.d.r.c.RepositoryConfigurationDelegate - Bootstrapping Spring Data JPA repositories in DEFAULT mode.
2024-09-12 21:57:42 [restartedMain] INFO  o.s.d.r.c.RepositoryConfigurationDelegate - Finished Spring Data repository scanning in 12 ms. Found 5 JPA repository interfaces.
2024-09-12 21:57:42 [restartedMain] INFO  o.s.b.w.e.tomcat.TomcatWebServer - Tomcat initialized with port(s): 9090 (http)
2024-09-12 21:57:42 [restartedMain] INFO  o.a.coyote.http11.Http11NioProtocol - Initializing ProtocolHandler ["http-nio-9090"]
2024-09-12 21:57:42 [restartedMain] INFO  o.a.catalina.core.StandardService - Starting service [Tomcat]
2024-09-12 21:57:42 [restartedMain] INFO  o.a.catalina.core.StandardEngine - Starting Servlet engine: [Apache Tomcat/9.0.53]
2024-09-12 21:57:42 [restartedMain] INFO  o.a.c.core.AprLifecycleListener - Loaded Apache Tomcat Native library [1.2.31] using APR version [1.7.0].
2024-09-12 21:57:42 [restartedMain] INFO  o.a.c.core.AprLifecycleListener - APR capabilities: IPv6 [true], sendfile [true], accept filters [false], random [true], UDS [true].
2024-09-12 21:57:42 [restartedMain] INFO  o.a.c.core.AprLifecycleListener - APR/OpenSSL configuration: useAprConnector [false], useOpenSSL [true]
2024-09-12 21:57:42 [restartedMain] INFO  o.a.c.core.AprLifecycleListener - OpenSSL successfully initialized [OpenSSL 3.0.2 15 Mar 2022]
2024-09-12 21:57:42 [restartedMain] INFO  o.a.c.c.C.[Tomcat].[localhost].[/] - Initializing Spring embedded WebApplicationContext
2024-09-12 21:57:42 [restartedMain] INFO  o.s.b.w.s.c.ServletWebServerApplicationContext - Root WebApplicationContext: initialization completed in 251 ms
2024-09-12 21:57:42 [restartedMain] INFO  o.h.jpa.internal.util.LogHelper - HHH000204: Processing PersistenceUnitInfo [name: default]
2024-09-12 21:57:42 [restartedMain] INFO  com.zaxxer.hikari.HikariDataSource - HikariPool-2 - Starting...
2024-09-12 21:57:42 [restartedMain] INFO  com.zaxxer.hikari.HikariDataSource - HikariPool-2 - Start completed.
2024-09-12 21:57:42 [restartedMain] INFO  org.hibernate.dialect.Dialect - HHH000400: Using dialect: org.hibernate.dialect.PostgreSQLDialect
2024-09-12 21:57:43 [restartedMain] INFO  o.h.e.t.j.p.i.JtaPlatformInitiator - HHH000490: Using JtaPlatform implementation: [org.hibernate.engine.transaction.jta.platform.internal.NoJtaPlatform]
2024-09-12 21:57:43 [restartedMain] INFO  o.s.o.j.LocalContainerEntityManagerFactoryBean - Initialized JPA EntityManagerFactory for persistence unit 'default'
2024-09-12 21:57:43 [restartedMain] WARN  o.s.b.a.o.j.JpaBaseConfiguration$JpaWebConfiguration - spring.jpa.open-in-view is enabled by default. Therefore, database queries may be performed during view rendering. Explicitly configure spring.jpa.open-in-view to disable this warning
2024-09-12 21:57:43 [restartedMain] INFO  o.s.b.d.a.OptionalLiveReloadServer - LiveReload server is running on port 35729
2024-09-12 21:57:43 [restartedMain] INFO  o.a.coyote.http11.Http11NioProtocol - Starting ProtocolHandler ["http-nio-9090"]
2024-09-12 21:57:43 [restartedMain] INFO  o.s.b.w.e.tomcat.TomcatWebServer - Tomcat started on port(s): 9090 (http) with context path ''
2024-09-12 21:57:43 [restartedMain] INFO  c.s.s.SpringbootprojectApplication - Started SpringbootprojectApplication in 0.794 seconds (JVM running for 304.087)
2024-09-12 21:57:43 [restartedMain] INFO  o.s.b.d.a.ConditionEvaluationDeltaLoggingListener - Condition evaluation unchanged
2024-09-12 21:57:49 [http-nio-9090-exec-1] INFO  o.a.c.c.C.[Tomcat].[localhost].[/] - Initializing Spring DispatcherServlet 'dispatcherServlet'
2024-09-12 21:57:49 [http-nio-9090-exec-1] INFO  o.s.web.servlet.DispatcherServlet - Initializing Servlet 'dispatcherServlet'
2024-09-12 21:57:49 [http-nio-9090-exec-1] INFO  o.s.web.servlet.DispatcherServlet - Completed initialization in 1 ms
2024-09-12 21:57:49 [http-nio-9090-exec-1] DEBUG c.s.s.Controller.ProductController - Request to add a product
2024-09-12 21:57:49 [http-nio-9090-exec-1] INFO  c.s.s.Controller.ProductController - Product added successfully: 34
2024-09-12 22:10:10 [http-nio-9090-exec-3] DEBUG c.s.s.Controller.ProductController - Received a request to retrive a products
2024-09-12 22:10:10 [http-nio-9090-exec-3] INFO  c.s.s.Controller.ProductController - Products retrieved successfully!!
2024-09-12 22:10:17 [http-nio-9090-exec-4] DEBUG c.s.s.Controller.ProductController - Received a request to retrive a products
2024-09-12 22:10:17 [http-nio-9090-exec-4] INFO  c.s.s.Controller.ProductController - Products retrieved successfully!!
2024-09-12 22:10:55 [http-nio-9090-exec-5] DEBUG c.s.s.Controller.ProductController - Received a request to retrive a products
2024-09-12 22:10:55 [http-nio-9090-exec-5] INFO  c.s.s.Controller.ProductController - Products retrieved successfully!!
2024-09-12 22:13:31 [SpringApplicationShutdownHook] INFO  o.s.o.j.LocalContainerEntityManagerFactoryBean - Closing JPA EntityManagerFactory for persistence unit 'default'
2024-09-12 22:13:31 [SpringApplicationShutdownHook] INFO  com.zaxxer.hikari.HikariDataSource - HikariPool-2 - Shutdown initiated...
2024-09-12 22:13:31 [SpringApplicationShutdownHook] INFO  com.zaxxer.hikari.HikariDataSource - HikariPool-2 - Shutdown completed.
